Log file open, 06/12/23 10:52:43
LogInit: Display: Running engine for game: InventoryUIwithUMG
LogPlatformFile: Not using cached read wrapper
LogTaskGraph: Started task graph with 5 named threads and 59 total threads with 3 sets of task threads.
LogStats: Stats thread started at 0.362062
LogD3D11RHI: Loaded GFSDK_Aftermath_Lib.x64.dll
LogICUInternationalization: ICU TimeZone Detection - Raw Offset: +8:00, Platform Override: ''
LogPluginManager: Mounting plugin Paper2D
LogPluginManager: Mounting plugin AISupport
LogPluginManager: Mounting plugin LightPropagationVolume
LogPluginManager: Mounting plugin CameraShakePreviewer
LogPluginManager: Mounting plugin ActorLayerUtilities
LogPluginManager: Mounting plugin AnimationSharing
LogPluginManager: Mounting plugin CLionSourceCodeAccess
LogPluginManager: Mounting plugin CodeLiteSourceCodeAccess
LogPluginManager: Mounting plugin GitSourceControl
LogPluginManager: Mounting plugin KDevelopSourceCodeAccess
LogPluginManager: Mounting plugin NullSourceCodeAccess
LogPluginManager: Mounting plugin PerforceSourceControl
LogPluginManager: Mounting plugin PlasticSourceControl
LogPluginManager: Mounting plugin RiderSourceCodeAccess
LogPluginManager: Mounting plugin SubversionSourceControl
LogPluginManager: Mounting plugin UObjectPlugin
LogPluginManager: Mounting plugin VisualStudioCodeSourceCodeAccess
LogPluginManager: Mounting plugin VisualStudioSourceCodeAccess
LogPluginManager: Mounting plugin XCodeSourceCodeAccess
LogPluginManager: Mounting plugin AssetManagerEditor
LogPluginManager: Mounting plugin CryptoKeys
LogPluginManager: Mounting plugin CurveEditorTools
LogPluginManager: Mounting plugin DataValidation
LogPluginManager: Mounting plugin EditorScriptingUtilities
LogPluginManager: Mounting plugin FacialAnimation
LogPluginManager: Mounting plugin GameplayTagsEditor
LogPluginManager: Mounting plugin GeometryMode
LogPluginManager: Mounting plugin MacGraphicsSwitching
LogPluginManager: Mounting plugin MaterialAnalyzer
LogPluginManager: Mounting plugin MobileLauncherProfileWizard
LogPluginManager: Mounting plugin PluginBrowser
LogPluginManager: Mounting plugin SpeedTreeImporter
LogPluginManager: Mounting plugin DatasmithContent
LogPluginManager: Mounting plugin VariantManagerContent
LogPluginManager: Mounting plugin AlembicImporter
LogPluginManager: Mounting plugin AutomationUtils
LogPluginManager: Mounting plugin BackChannel
LogPluginManager: Mounting plugin ChaosCloth
LogPluginManager: Mounting plugin ChaosClothEditor
LogPluginManager: Mounting plugin ChaosEditor
LogPluginManager: Mounting plugin ChaosNiagara
LogPluginManager: Mounting plugin ChaosSolverPlugin
LogPluginManager: Mounting plugin CharacterAI
LogPluginManager: Mounting plugin GeometryCache
LogPluginManager: Mounting plugin GeometryCollectionPlugin
LogPluginManager: Mounting plugin GeometryProcessing
LogPluginManager: Mounting plugin PlanarCut
LogPluginManager: Mounting plugin PlatformCrypto
LogPluginManager: Mounting plugin ProxyLODPlugin
LogPluginManager: Mounting plugin SkeletalReduction
LogPluginManager: Mounting plugin Niagara
LogPluginManager: Mounting plugin MagicLeap
LogPluginManager: Mounting plugin MagicLeapLightEstimation
LogPluginManager: Mounting plugin MagicLeapMedia
LogPluginManager: Mounting plugin MagicLeapPassableWorld
LogPluginManager: Mounting plugin MLSDK
LogPluginManager: Mounting plugin AndroidMedia
LogPluginManager: Mounting plugin AvfMedia
LogPluginManager: Mounting plugin ImgMedia
LogPluginManager: Mounting plugin MediaCompositing
LogPluginManager: Mounting plugin MediaPlayerEditor
LogPluginManager: Mounting plugin WebMMedia
LogPluginManager: Mounting plugin WmfMedia
LogPluginManager: Mounting plugin MeshPainting
LogPluginManager: Mounting plugin TcpMessaging
LogPluginManager: Mounting plugin UdpMessaging
LogPluginManager: Mounting plugin ActorSequence
LogPluginManager: Mounting plugin LevelSequenceEditor
LogPluginManager: Mounting plugin MatineeToLevelSequence
LogPluginManager: Mounting plugin MovieRenderPipeline
LogPluginManager: Mounting plugin TemplateSequence
LogPluginManager: Mounting plugin NetcodeUnitTest
LogPluginManager: Mounting plugin NUTUnrealEngine4
LogPluginManager: Mounting plugin OnlineSubsystemGooglePlay
LogPluginManager: Mounting plugin OnlineSubsystemIOS
LogPluginManager: Mounting plugin OnlineSubsystem
LogPluginManager: Mounting plugin OnlineSubsystemNull
LogPluginManager: Mounting plugin OnlineSubsystemUtils
LogPluginManager: Mounting plugin LauncherChunkInstaller
LogPluginManager: Mounting plugin AndroidDeviceProfileSelector
LogPluginManager: Mounting plugin AndroidMoviePlayer
LogPluginManager: Mounting plugin AndroidPermission
LogPluginManager: Mounting plugin AppleImageUtils
LogPluginManager: Mounting plugin AppleMoviePlayer
LogPluginManager: Mounting plugin ArchVisCharacter
LogPluginManager: Mounting plugin AssetTags
LogPluginManager: Mounting plugin AudioCapture
LogPluginManager: Mounting plugin CableComponent
LogPluginManager: Mounting plugin CustomMeshComponent
LogPluginManager: Mounting plugin EditableMesh
LogPluginManager: Mounting plugin ExampleDeviceProfileSelector
LogPluginManager: Mounting plugin GoogleCloudMessaging
LogPluginManager: Mounting plugin GooglePAD
LogPluginManager: Mounting plugin IOSDeviceProfileSelector
LogPluginManager: Mounting plugin LinuxDeviceProfileSelector
LogPluginManager: Mounting plugin LocationServicesBPLibrary
LogPluginManager: Mounting plugin MobilePatchingUtils
LogPluginManager: Mounting plugin OculusVR
LogPluginManager: Mounting plugin PhysXVehicles
LogPluginManager: Mounting plugin PostSplashScreen
LogPluginManager: Mounting plugin ProceduralMeshComponent
LogPluginManager: Mounting plugin RuntimePhysXCooking
LogPluginManager: Mounting plugin SignificanceManager
LogPluginManager: Mounting plugin SoundFields
LogPluginManager: Mounting plugin SteamVR
LogPluginManager: Mounting plugin Synthesis
LogPluginManager: Mounting plugin WebMMoviePlayer
LogPluginManager: Mounting plugin WindowsMoviePlayer
LogPluginManager: Mounting plugin ScreenshotTools
LogInit: Using libcurl 7.55.1-DEV
LogInit:  - built for x86_64-pc-win32
LogInit:  - supports SSL with OpenSSL/1.1.1
LogInit:  - supports HTTP deflate (compression) using libz 1.2.8
LogInit:  - other features:
LogInit:      CURL_VERSION_SSL
LogInit:      CURL_VERSION_LIBZ
LogInit:      CURL_VERSION_IPV6
LogInit:      CURL_VERSION_ASYNCHDNS
LogInit:      CURL_VERSION_LARGEFILE
LogInit:      CURL_VERSION_IDN
LogInit:  CurlRequestOptions (configurable via config and command line):
LogInit:  - bVerifyPeer = true  - Libcurl will verify peer certificate
LogInit:  - bUseHttpProxy = false  - Libcurl will NOT use HTTP proxy
LogInit:  - bDontReuseConnections = false  - Libcurl will reuse connections
LogInit:  - MaxHostConnections = 16  - Libcurl will limit the number of connections to a host
LogInit:  - LocalHostAddr = Default
LogInit:  - BufferSize = 65536
LogOnline: OSS: Creating online subsystem instance for: NULL
LogInit: WinSock: version 1.1 (2.2), MaxSocks=32767, MaxUdp=65467
LogOnline: OSS: TryLoadSubsystemAndSetDefault: Loaded subsystem for module [NULL]
LogInit: Build: ++UE4+Release-4.25-CL-14469661
LogInit: Engine Version: 4.25.4-14469661+++UE4+Release-4.25
LogInit: Compatible Engine Version: 4.25.0-13144385+++UE4+Release-4.25
LogInit: Net CL: 13144385
LogInit: OS: Windows 10 (Release 2009) (), CPU: 12th Gen Intel(R) Core(TM) i7-12700H, GPU: Intel(R) UHD Graphics
LogInit: Compiled (64-bit): Oct 11 2020 08:10:49
LogInit: Compiled with Visual C++: 19.24.28315.00
LogInit: Build Configuration: Development
LogInit: Branch Name: ++UE4+Release-4.25
LogInit: Command Line:  -EpicPortal -epicusername=うさにusani -epicuserid=6ff012dbff53490dbc6885c61d073f53 -epiclocale=zh-Hant -epicsandboxid=ue
LogInit: Base Directory: C:/Program Files/Epic Games/UE_4.25/Engine/Binaries/Win64/
LogInit: Allocator: TBB
LogInit: Installed Engine Build: 1
LogDevObjectVersion: Number of dev versions registered: 26
LogDevObjectVersion:   Dev-Blueprints (B0D832E4-1F89-4F0D-ACCF-7EB736FD4AA2): 10
LogDevObjectVersion:   Dev-Build (E1C64328-A22C-4D53-A36C-8E866417BD8C): 0
LogDevObjectVersion:   Dev-Core (375EC13C-06E4-48FB-B500-84F0262A717E): 4
LogDevObjectVersion:   Dev-Editor (E4B068ED-F494-42E9-A231-DA0B2E46BB41): 38
LogDevObjectVersion:   Dev-Framework (CFFC743F-43B0-4480-9391-14DF171D2073): 37
LogDevObjectVersion:   Dev-Mobile (B02B49B5-BB20-44E9-A304-32B752E40360): 2
LogDevObjectVersion:   Dev-Networking (A4E4105C-59A1-49B5-A7C5-40C4547EDFEE): 0
LogDevObjectVersion:   Dev-Online (39C831C9-5AE6-47DC-9A44-9C173E1C8E7C): 0
LogDevObjectVersion:   Dev-Physics (78F01B33-EBEA-4F98-B9B4-84EACCB95AA2): 4
LogDevObjectVersion:   Dev-Platform (6631380F-2D4D-43E0-8009-CF276956A95A): 0
LogDevObjectVersion:   Dev-Rendering (12F88B9F-8875-4AFC-A67C-D90C383ABD29): 43
LogDevObjectVersion:   Dev-Sequencer (7B5AE74C-D270-4C10-A958-57980B212A5A): 12
LogDevObjectVersion:   Dev-VR (D7296918-1DD6-4BDD-9DE2-64A83CC13884): 3
LogDevObjectVersion:   Dev-LoadTimes (C2A15278-BFE7-4AFE-6C17-90FF531DF755): 1
LogDevObjectVersion:   Private-Geometry (6EACA3D4-40EC-4CC1-B786-8BED09428FC5): 3
LogDevObjectVersion:   Dev-AnimPhys (29E575DD-E0A3-4627-9D10-D276232CDCEA): 17
LogDevObjectVersion:   Dev-Anim (AF43A65D-7FD3-4947-9873-3E8ED9C1BB05): 7
LogDevObjectVersion:   Dev-ReflectionCapture (6B266CEC-1EC7-4B8F-A30B-E4D90942FC07): 1
LogDevObjectVersion:   Dev-Automation (0DF73D61-A23F-47EA-B727-89E90C41499A): 1
LogDevObjectVersion:   FortniteMain (601D1886-AC64-4F84-AA16-D3DE0DEAC7D6): 31
LogDevObjectVersion:   Dev-Enterprise (9DFFBCD6-494F-0158-E221-12823C92A888): 10
LogDevObjectVersion:   Dev-Niagara (F2AED0AC-9AFE-416F-8664-AA7FFA26D6FC): 1
LogDevObjectVersion:   Dev-Destruction (174F1F0B-B4C6-45A5-B13F-2EE8D0FB917D): 10
LogDevObjectVersion:   Dev-Physics-Ext (35F94A83-E258-406C-A318-09F59610247C): 37
LogDevObjectVersion:   Dev-PhysicsMaterial-Chaos (B68FC16E-8B1B-42E2-B453-215C058844FE): 1
LogDevObjectVersion:   Dev-CineCamera (B2E18506-4273-CFC2-A54E-F4BB758BBA07): 1
LogInit: Presizing for max 25165824 objects, including 0 objects not considered by GC, pre-allocating 0 bytes for permanent pool.
LogConfig: Applying CVar settings from Section [/Script/Engine.StreamingSettings] File [C:/Unreal_projects/UnrealProject_SceneTest/Saved/Config/Windows/Engine.ini]
LogConfig: Setting CVar [[s.MinBulkDataSizeForAsyncLoading:131072]]
LogConfig: Setting CVar [[s.AsyncLoadingThreadEnabled:0]]
LogConfig: Setting CVar [[s.EventDrivenLoaderEnabled:1]]
LogConfig: Setting CVar [[s.WarnIfTimeLimitExceeded:0]]
LogConfig: Setting CVar [[s.TimeLimitExceededMultiplier:1.5]]
LogConfig: Setting CVar [[s.TimeLimitExceededMinTime:0.005]]
LogConfig: Setting CVar [[s.UseBackgroundLevelStreaming:1]]
LogConfig: Setting CVar [[s.PriorityAsyncLoadingExtraTime:15.0]]
LogConfig: Setting CVar [[s.LevelStreamingActorsUpdateTimeLimit:5.0]]
LogConfig: Setting CVar [[s.PriorityLevelStreamingActorsUpdateExtraTime:5.0]]
LogConfig: Setting CVar [[s.LevelStreamingComponentsRegistrationGranularity:10]]
LogConfig: Setting CVar [[s.UnregisterComponentsTimeLimit:1.0]]
LogConfig: Setting CVar [[s.LevelStreamingComponentsUnregistrationGranularity:5]]
LogConfig: Setting CVar [[s.FlushStreamingOnExit:1]]
LogInit: Object subsystem initialized
LogConfig: Setting CVar [[con.DebugEarlyDefault:1]]
LogConfig: Setting CVar [[r.setres:1280x720]]
[2023.06.12-02.52.44:129][  0]LogConfig: Setting CVar [[r.VSync:0]]
[2023.06.12-02.52.44:129][  0]LogConfig: Setting CVar [[r.RHICmdBypass:0]]
[2023.06.12-02.52.44:129][  0]LogConfig: Applying CVar settings from Section [/Script/Engine.RendererSettings] File [C:/Unreal_projects/UnrealProject_SceneTest/Saved/Config/Windows/Engine.ini]
[2023.06.12-02.52.44:129][  0]LogConfig: Setting CVar [[r.GPUCrashDebugging:0]]
[2023.06.12-02.52.44:130][  0]LogConfig: Setting CVar [[r.CustomDepth:1]]
[2023.06.12-02.52.44:130][  0]LogConfig: Applying CVar settings from Section [/Script/Engine.RendererOverrideSettings] File [C:/Unreal_projects/UnrealProject_SceneTest/Saved/Config/Windows/Engine.ini]
[2023.06.12-02.52.44:130][  0]LogConfig: Applying CVar settings from Section [/Script/Engine.StreamingSettings] File [C:/Unreal_projects/UnrealProject_SceneTest/Saved/Config/Windows/Engine.ini]
[2023.06.12-02.52.44:130][  0]LogConfig: Setting CVar [[s.MinBulkDataSizeForAsyncLoading:131072]]
[2023.06.12-02.52.44:130][  0]LogConfig: Setting CVar [[s.AsyncLoadingThreadEnabled:0]]
[2023.06.12-02.52.44:130][  0]LogConfig: Setting CVar [[s.EventDrivenLoaderEnabled:1]]
[2023.06.12-02.52.44:130][  0]LogConfig: Setting CVar [[s.WarnIfTimeLimitExceeded:0]]
[2023.06.12-02.52.44:130][  0]LogConfig: Setting CVar [[s.TimeLimitExceededMultiplier:1.5]]
[2023.06.12-02.52.44:130][  0]LogConfig: Setting CVar [[s.TimeLimitExceededMinTime:0.005]]
[2023.06.12-02.52.44:130][  0]LogConfig: Setting CVar [[s.UseBackgroundLevelStreaming:1]]
[2023.06.12-02.52.44:130][  0]LogConfig: Setting CVar [[s.PriorityAsyncLoadingExtraTime:15.0]]
[2023.06.12-02.52.44:130][  0]LogConfig: Setting CVar [[s.LevelStreamingActorsUpdateTimeLimit:5.0]]
[2023.06.12-02.52.44:130][  0]LogConfig: Setting CVar [[s.PriorityLevelStreamingActorsUpdateExtraTime:5.0]]
[2023.06.12-02.52.44:130][  0]LogConfig: Setting CVar [[s.LevelStreamingComponentsRegistrationGranularity:10]]
[2023.06.12-02.52.44:130][  0]LogConfig: Setting CVar [[s.UnregisterComponentsTimeLimit:1.0]]
[2023.06.12-02.52.44:130][  0]LogConfig: Setting CVar [[s.LevelStreamingComponentsUnregistrationGranularity:5]]
[2023.06.12-02.52.44:130][  0]LogConfig: Setting CVar [[s.FlushStreamingOnExit:1]]
[2023.06.12-02.52.44:130][  0]LogConfig: Applying CVar settings from Section [/Script/Engine.GarbageCollectionSettings] File [C:/Unreal_projects/UnrealProject_SceneTest/Saved/Config/Windows/Engine.ini]
[2023.06.12-02.52.44:130][  0]LogConfig: Setting CVar [[gc.MaxObjectsNotConsideredByGC:1]]
[2023.06.12-02.52.44:130][  0]LogConfig: Setting CVar [[gc.SizeOfPermanentObjectPool:0]]
[2023.06.12-02.52.44:130][  0]LogConfig: Setting CVar [[gc.FlushStreamingOnGC:0]]
[2023.06.12-02.52.44:130][  0]LogConfig: Setting CVar [[gc.NumRetriesBeforeForcingGC:10]]
[2023.06.12-02.52.44:130][  0]LogConfig: Setting CVar [[gc.AllowParallelGC:1]]
[2023.06.12-02.52.44:130][  0]LogConfig: Setting CVar [[gc.TimeBetweenPurgingPendingKillObjects:61.1]]
[2023.06.12-02.52.44:130][  0]LogConfig: Setting CVar [[gc.MaxObjectsInEditor:25165824]]
[2023.06.12-02.52.44:130][  0]LogConfig: Setting CVar [[gc.IncrementalBeginDestroyEnabled:1]]
[2023.06.12-02.52.44:130][  0]LogConfig: Setting CVar [[gc.CreateGCClusters:1]]
[2023.06.12-02.52.44:130][  0]LogConfig: Setting CVar [[gc.MinGCClusterSize:5]]
[2023.06.12-02.52.44:130][  0]LogConfig: Setting CVar [[gc.ActorClusteringEnabled:0]]
[2023.06.12-02.52.44:130][  0]LogConfig: Setting CVar [[gc.BlueprintClusteringEnabled:0]]
[2023.06.12-02.52.44:130][  0]LogConfig: Setting CVar [[gc.UseDisregardForGCOnDedicatedServers:0]]
[2023.06.12-02.52.44:130][  0]LogConfig: Applying CVar settings from Section [/Script/Engine.NetworkSettings] File [C:/Unreal_projects/UnrealProject_SceneTest/Saved/Config/Windows/Engine.ini]
[2023.06.12-02.52.44:130][  0]LogConfig: Applying CVar settings from Section [/Script/UnrealEd.CookerSettings] File [C:/Unreal_projects/UnrealProject_SceneTest/Saved/Config/Windows/Engine.ini]
[2023.06.12-02.52.44:132][  0]LogConfig: Applying CVar settings from Section [ViewDistanceQuality@3] File [C:/Unreal_projects/UnrealProject_SceneTest/Saved/Config/Windows/Scalability.ini]
[2023.06.12-02.52.44:132][  0]LogConfig: Setting CVar [[r.SkeletalMeshLODBias:0]]
[2023.06.12-02.52.44:132][  0]LogConfig: Setting CVar [[r.ViewDistanceScale:1.0]]
[2023.06.12-02.52.44:132][  0]LogConfig: Applying CVar settings from Section [AntiAliasingQuality@3] File [C:/Unreal_projects/UnrealProject_SceneTest/Saved/Config/Windows/Scalability.ini]
[2023.06.12-02.52.44:132][  0]LogConfig: Setting CVar [[r.PostProcessAAQuality:4]]
[2023.06.12-02.52.44:132][  0]LogConfig: Applying CVar settings from Section [ShadowQuality@3] File [C:/Unreal_projects/UnrealProject_SceneTest/Saved/Config/Windows/Scalability.ini]
[2023.06.12-02.52.44:132][  0]LogConfig: Setting CVar [[r.LightFunctionQuality:1]]
[2023.06.12-02.52.44:132][  0]LogConfig: Setting CVar [[r.ShadowQuality:5]]
[2023.06.12-02.52.44:132][  0]LogConfig: Setting CVar [[r.Shadow.CSM.MaxCascades:10]]
[2023.06.12-02.52.44:132][  0]LogConfig: Setting CVar [[r.Shadow.MaxResolution:2048]]
[2023.06.12-02.52.44:132][  0]LogConfig: Setting CVar [[r.Shadow.MaxCSMResolution:2048]]
[2023.06.12-02.52.44:132][  0]LogConfig: Setting CVar [[r.Shadow.RadiusThreshold:0.01]]
[2023.06.12-02.52.44:132][  0]LogConfig: Setting CVar [[r.Shadow.DistanceScale:1.0]]
[2023.06.12-02.52.44:132][  0]LogConfig: Setting CVar [[r.Shadow.CSM.TransitionScale:1.0]]
[2023.06.12-02.52.44:132][  0]LogConfig: Setting CVar [[r.Shadow.PreShadowResolutionFactor:1.0]]
[2023.06.12-02.52.44:132][  0]LogConfig: Setting CVar [[r.DistanceFieldShadowing:1]]
[2023.06.12-02.52.44:132][  0]LogConfig: Setting CVar [[r.DistanceFieldAO:1]]
[2023.06.12-02.52.44:132][  0]LogConfig: Setting CVar [[r.AOQuality:2]]
[2023.06.12-02.52.44:132][  0]LogConfig: Setting CVar [[r.VolumetricFog:1]]
[2023.06.12-02.52.44:132][  0]LogConfig: Setting CVar [[r.VolumetricFog.GridPixelSize:8]]
[2023.06.12-02.52.44:132][  0]LogConfig: Setting CVar [[r.VolumetricFog.GridSizeZ:128]]
[2023.06.12-02.52.44:132][  0]LogConfig: Setting CVar [[r.VolumetricFog.HistoryMissSupersampleCount:4]]
[2023.06.12-02.52.44:132][  0]LogConfig: Setting CVar [[r.LightMaxDrawDistanceScale:1]]
[2023.06.12-02.52.44:132][  0]LogConfig: Setting CVar [[r.CapsuleShadows:1]]
[2023.06.12-02.52.44:132][  0]LogConfig: Applying CVar settings from Section [PostProcessQuality@3] File [C:/Unreal_projects/UnrealProject_SceneTest/Saved/Config/Windows/Scalability.ini]
[2023.06.12-02.52.44:132][  0]LogConfig: Setting CVar [[r.MotionBlurQuality:4]]
[2023.06.12-02.52.44:132][  0]LogConfig: Setting CVar [[r.AmbientOcclusionMipLevelFactor:0.4]]
[2023.06.12-02.52.44:132][  0]LogConfig: Setting CVar [[r.AmbientOcclusionMaxQuality:100]]
[2023.06.12-02.52.44:132][  0]LogConfig: Setting CVar [[r.AmbientOcclusionLevels:-1]]
[2023.06.12-02.52.44:132][  0]LogConfig: Setting CVar [[r.AmbientOcclusionRadiusScale:1.0]]
[2023.06.12-02.52.44:132][  0]LogConfig: Setting CVar [[r.DepthOfFieldQuality:2]]
[2023.06.12-02.52.44:132][  0]LogConfig: Setting CVar [[r.RenderTargetPoolMin:400]]
[2023.06.12-02.52.44:132][  0]LogConfig: Setting CVar [[r.LensFlareQuality:2]]
[2023.06.12-02.52.44:132][  0]LogConfig: Setting CVar [[r.SceneColorFringeQuality:1]]
[2023.06.12-02.52.44:132][  0]LogConfig: Setting CVar [[r.EyeAdaptationQuality:2]]
[2023.06.12-02.52.44:132][  0]LogConfig: Setting CVar [[r.BloomQuality:5]]
[2023.06.12-02.52.44:132][  0]LogConfig: Setting CVar [[r.FastBlurThreshold:100]]
[2023.06.12-02.52.44:132][  0]LogConfig: Setting CVar [[r.Upscale.Quality:3]]
[2023.06.12-02.52.44:132][  0]LogConfig: Setting CVar [[r.Tonemapper.GrainQuantization:1]]
[2023.06.12-02.52.44:132][  0]LogConfig: Setting CVar [[r.LightShaftQuality:1]]
[2023.06.12-02.52.44:132][  0]LogConfig: Setting CVar [[r.Filter.SizeScale:1]]
[2023.06.12-02.52.44:132][  0]LogConfig: Setting CVar [[r.Tonemapper.Quality:5]]
[2023.06.12-02.52.44:132][  0]LogConfig: Setting CVar [[r.DOF.Gather.AccumulatorQuality:1        ; higher gathering accumulator quality]]
[2023.06.12-02.52.44:132][  0]LogConfig: Setting CVar [[r.DOF.Gather.PostfilterMethod:1          ; Median3x3 postfilering method]]
[2023.06.12-02.52.44:132][  0]LogConfig: Setting CVar [[r.DOF.Gather.EnableBokehSettings:0       ; no bokeh simulation when gathering]]
[2023.06.12-02.52.44:132][  0]LogConfig: Setting CVar [[r.DOF.Gather.RingCount:4                 ; medium number of samples when gathering]]
[2023.06.12-02.52.44:132][  0]LogConfig: Setting CVar [[r.DOF.Scatter.ForegroundCompositing:1    ; additive foreground scattering]]
[2023.06.12-02.52.44:132][  0]LogConfig: Setting CVar [[r.DOF.Scatter.BackgroundCompositing:2    ; additive background scattering]]
[2023.06.12-02.52.44:132][  0]LogConfig: Setting CVar [[r.DOF.Scatter.EnableBokehSettings:1      ; bokeh simulation when scattering]]
[2023.06.12-02.52.44:132][  0]LogConfig: Setting CVar [[r.DOF.Scatter.MaxSpriteRatio:0.1         ; only a maximum of 10% of scattered bokeh]]
[2023.06.12-02.52.44:132][  0]LogConfig: Setting CVar [[r.DOF.Recombine.Quality:1                ; cheap slight out of focus]]
[2023.06.12-02.52.44:132][  0]LogConfig: Setting CVar [[r.DOF.Recombine.EnableBokehSettings:0    ; no bokeh simulation on slight out of focus]]
[2023.06.12-02.52.44:132][  0]LogConfig: Setting CVar [[r.DOF.TemporalAAQuality:1                ; more stable temporal accumulation]]
[2023.06.12-02.52.44:132][  0]LogConfig: Setting CVar [[r.DOF.Kernel.MaxForegroundRadius:0.025]]
[2023.06.12-02.52.44:132][  0]LogConfig: Setting CVar [[r.DOF.Kernel.MaxBackgroundRadius:0.025]]
[2023.06.12-02.52.44:132][  0]LogConfig: Applying CVar settings from Section [TextureQuality@3] File [C:/Unreal_projects/UnrealProject_SceneTest/Saved/Config/Windows/Scalability.ini]
[2023.06.12-02.52.44:132][  0]LogConfig: Setting CVar [[r.Streaming.MipBias:0]]
[2023.06.12-02.52.44:132][  0]LogConfig: Setting CVar [[r.Streaming.AmortizeCPUToGPUCopy:0]]
[2023.06.12-02.52.44:132][  0]LogConfig: Setting CVar [[r.Streaming.MaxNumTexturesToStreamPerFrame:0]]
[2023.06.12-02.52.44:132][  0]LogConfig: Setting CVar [[r.Streaming.Boost:1]]
[2023.06.12-02.52.44:132][  0]LogConfig: Setting CVar [[r.MaxAnisotropy:8]]
[2023.06.12-02.52.44:132][  0]LogConfig: Setting CVar [[r.VT.MaxAnisotropy:8]]
[2023.06.12-02.52.44:132][  0]LogConfig: Setting CVar [[r.Streaming.LimitPoolSizeToVRAM:0]]
[2023.06.12-02.52.44:132][  0]LogConfig: Setting CVar [[r.Streaming.PoolSize:1000]]
[2023.06.12-02.52.44:132][  0]LogConfig: Setting CVar [[r.Streaming.MaxEffectiveScreenSize:0]]
[2023.06.12-02.52.44:132][  0]LogConfig: Applying CVar settings from Section [EffectsQuality@3] File [C:/Unreal_projects/UnrealProject_SceneTest/Saved/Config/Windows/Scalability.ini]
[2023.06.12-02.52.44:132][  0]LogConfig: Setting CVar [[r.TranslucencyLightingVolumeDim:64]]
[2023.06.12-02.52.44:132][  0]LogConfig: Setting CVar [[r.RefractionQuality:2]]
[2023.06.12-02.52.44:132][  0]LogConfig: Setting CVar [[r.SSR.Quality:3]]
[2023.06.12-02.52.44:132][  0]LogConfig: Setting CVar [[r.SSR.HalfResSceneColor:0]]
[2023.06.12-02.52.44:132][  0]LogConfig: Setting CVar [[r.SceneColorFormat:4]]
[2023.06.12-02.52.44:132][  0]LogConfig: Setting CVar [[r.DetailMode:2]]
[2023.06.12-02.52.44:132][  0]LogConfig: Setting CVar [[r.TranslucencyVolumeBlur:1]]
[2023.06.12-02.52.44:132][  0]LogConfig: Setting CVar [[r.MaterialQualityLevel:1 ; High quality]]
[2023.06.12-02.52.44:132][  0]LogConfig: Setting CVar [[r.SSS.Scale:1]]
[2023.06.12-02.52.44:132][  0]LogConfig: Setting CVar [[r.SSS.SampleSet:2]]
[2023.06.12-02.52.44:132][  0]LogConfig: Setting CVar [[r.SSS.Quality:1]]
[2023.06.12-02.52.44:132][  0]LogConfig: Setting CVar [[r.SSS.HalfRes:0]]
[2023.06.12-02.52.44:132][  0]LogConfig: Setting CVar [[r.SSGI.Quality:3]]
[2023.06.12-02.52.44:132][  0]LogConfig: Setting CVar [[r.EmitterSpawnRateScale:1.0]]
[2023.06.12-02.52.44:132][  0]LogConfig: Setting CVar [[r.ParticleLightQuality:2]]
[2023.06.12-02.52.44:132][  0]LogConfig: Setting CVar [[r.SkyAtmosphere.AerialPerspectiveLUT.FastApplyOnOpaque:1 ; Always have FastSkyLUT 1 in this case to avoid wrong sky]]
[2023.06.12-02.52.44:132][  0]LogConfig: Setting CVar [[r.SkyAtmosphere.AerialPerspectiveLUT.SampleCountPerSlice:1]]
[2023.06.12-02.52.44:132][  0]LogConfig: Setting CVar [[r.SkyAtmosphere.AerialPerspectiveLUT.DepthResolution:16.0]]
[2023.06.12-02.52.44:132][  0]LogConfig: Setting CVar [[r.SkyAtmosphere.FastSkyLUT:1]]
[2023.06.12-02.52.44:132][  0]LogConfig: Setting CVar [[r.SkyAtmosphere.FastSkyLUT.SampleCountMin:4.0]]
[2023.06.12-02.52.44:132][  0]LogConfig: Setting CVar [[r.SkyAtmosphere.FastSkyLUT.SampleCountMax:32.0]]
[2023.06.12-02.52.44:132][  0]LogConfig: Setting CVar [[r.SkyAtmosphere.SampleCountMin:4.0]]
[2023.06.12-02.52.44:132][  0]LogConfig: Setting CVar [[r.SkyAtmosphere.SampleCountMax:32.0]]
[2023.06.12-02.52.44:132][  0]LogConfig: Setting CVar [[r.SkyAtmosphere.TransmittanceLUT.UseSmallFormat:0]]
[2023.06.12-02.52.44:132][  0]LogConfig: Setting CVar [[r.SkyAtmosphere.TransmittanceLUT.SampleCount:10.0]]
[2023.06.12-02.52.44:132][  0]LogConfig: Setting CVar [[r.SkyAtmosphere.MultiScatteringLUT.SampleCount:15.0]]
[2023.06.12-02.52.44:132][  0]LogConfig: Applying CVar settings from Section [FoliageQuality@3] File [C:/Unreal_projects/UnrealProject_SceneTest/Saved/Config/Windows/Scalability.ini]
[2023.06.12-02.52.44:132][  0]LogConfig: Setting CVar [[foliage.DensityScale:1.0]]
[2023.06.12-02.52.44:132][  0]LogConfig: Setting CVar [[grass.DensityScale:1.0]]
[2023.06.12-02.52.44:132][  0]LogConfig: Applying CVar settings from Section [ShadingQuality@3] File [C:/Unreal_projects/UnrealProject_SceneTest/Saved/Config/Windows/Scalability.ini]
[2023.06.12-02.52.44:132][  0]LogConfig: Setting CVar [[r.HairStrands.SkyLighting.SampleCount:16]]
[2023.06.12-02.52.44:132][  0]LogConfig: Setting CVar [[r.HairStrands.SkyLighting.JitterIntegration:0]]
[2023.06.12-02.52.44:132][  0]LogConfig: Setting CVar [[r.HairStrands.SkyAO.SampleCount:16]]
[2023.06.12-02.52.44:132][  0]LogConfig: Setting CVar [[r.HairStrands.DeepShadow.SuperSampling:0]]
[2023.06.12-02.52.44:132][  0]LogConfig: Setting CVar [[r.HairStrands.VisibilityPPLL:0]]
[2023.06.12-02.52.44:132][  0]LogConfig: Setting CVar [[r.HairStrands.RasterizationScale:0.5]]
[2023.06.12-02.52.44:132][  0]LogConfig: Setting CVar [[r.HairStrands.VelocityRasterizationScale:1]]
[2023.06.12-02.52.44:133][  0]LogInit: Selected Device Profile: [Windows]
[2023.06.12-02.52.44:133][  0]LogInit: Applying CVar settings loaded from the selected device profile: [Windows]
[2023.06.12-02.52.44:134][  0]LogHAL: Display: Platform has ~ 8 GB [8241684480 / 8589934592 / 8], which maps to Default [LargestMinGB=32, LargerMinGB=12, DefaultMinGB=8, SmallerMinGB=6, SmallestMinGB=0)
[2023.06.12-02.52.44:134][  0]LogInit: Going up to parent DeviceProfile []
[2023.06.12-02.52.44:134][  0]LogConfig: Applying CVar settings from Section [ViewDistanceQuality@3] File [C:/Unreal_projects/UnrealProject_SceneTest/Saved/Config/Windows/Scalability.ini]
[2023.06.12-02.52.44:134][  0]LogConfig: Setting CVar [[r.SkeletalMeshLODBias:0]]
[2023.06.12-02.52.44:134][  0]LogConfig: Setting CVar [[r.ViewDistanceScale:1.0]]
[2023.06.12-02.52.44:134][  0]LogConfig: Applying CVar settings from Section [AntiAliasingQuality@3] File [C:/Unreal_projects/UnrealProject_SceneTest/Saved/Config/Windows/Scalability.ini]
[2023.06.12-02.52.44:134][  0]LogConfig: Setting CVar [[r.PostProcessAAQuality:4]]
[2023.06.12-02.52.44:134][  0]LogConfig: Applying CVar settings from Section [ShadowQuality@3] File [C:/Unreal_projects/UnrealProject_SceneTest/Saved/Config/Windows/Scalability.ini]
[2023.06.12-02.52.44:134][  0]LogConfig: Setting CVar [[r.LightFunctionQuality:1]]
[2023.06.12-02.52.44:134][  0]LogConfig: Setting CVar [[r.ShadowQuality:5]]
[2023.06.12-02.52.44:134][  0]LogConfig: Setting CVar [[r.Shadow.CSM.MaxCascades:10]]
[2023.06.12-02.52.44:134][  0]LogConfig: Setting CVar [[r.Shadow.MaxResolution:2048]]
[2023.06.12-02.52.44:134][  0]LogConfig: Setting CVar [[r.Shadow.MaxCSMResolution:2048]]
[2023.06.12-02.52.44:134][  0]LogConfig: Setting CVar [[r.Shadow.RadiusThreshold:0.01]]
[2023.06.12-02.52.44:134][  0]LogConfig: Setting CVar [[r.Shadow.DistanceScale:1.0]]
[2023.06.12-02.52.44:134][  0]LogConfig: Setting CVar [[r.Shadow.CSM.TransitionScale:1.0]]
[2023.06.12-02.52.44:134][  0]LogConfig: Setting CVar [[r.Shadow.PreShadowResolutionFactor:1.0]]
[2023.06.12-02.52.44:134][  0]LogConfig: Setting CVar [[r.DistanceFieldShadowing:1]]
[2023.06.12-02.52.44:134][  0]LogConfig: Setting CVar [[r.DistanceFieldAO:1]]
[2023.06.12-02.52.44:134][  0]LogConfig: Setting CVar [[r.AOQuality:2]]
[2023.06.12-02.52.44:134][  0]LogConfig: Setting CVar [[r.VolumetricFog:1]]
[2023.06.12-02.52.44:134][  0]LogConfig: Setting CVar [[r.VolumetricFog.GridPixelSize:8]]
[2023.06.12-02.52.44:134][  0]LogConfig: Setting CVar [[r.VolumetricFog.GridSizeZ:128]]
[2023.06.12-02.52.44:134][  0]LogConfig: Setting CVar [[r.VolumetricFog.HistoryMissSupersampleCount:4]]
[2023.06.12-02.52.44:134][  0]LogConfig: Setting CVar [[r.LightMaxDrawDistanceScale:1]]
[2023.06.12-02.52.44:134][  0]LogConfig: Setting CVar [[r.CapsuleShadows:1]]
[2023.06.12-02.52.44:134][  0]LogConfig: Applying CVar settings from Section [PostProcessQuality@3] File [C:/Unreal_projects/UnrealProject_SceneTest/Saved/Config/Windows/Scalability.ini]
[2023.06.12-02.52.44:134][  0]LogConfig: Setting CVar [[r.MotionBlurQuality:4]]
[2023.06.12-02.52.44:134][  0]LogConfig: Setting CVar [[r.AmbientOcclusionMipLevelFactor:0.4]]
[2023.06.12-02.52.44:134][  0]LogConfig: Setting CVar [[r.AmbientOcclusionMaxQuality:100]]
[2023.06.12-02.52.44:134][  0]LogConfig: Setting CVar [[r.AmbientOcclusionLevels:-1]]
[2023.06.12-02.52.44:134][  0]LogConfig: Setting CVar [[r.AmbientOcclusionRadiusScale:1.0]]
[2023.06.12-02.52.44:134][  0]LogConfig: Setting CVar [[r.DepthOfFieldQuality:2]]
[2023.06.12-02.52.44:134][  0]LogConfig: Setting CVar [[r.RenderTargetPoolMin:400]]
[2023.06.12-02.52.44:134][  0]LogConfig: Setting CVar [[r.LensFlareQuality:2]]
[2023.06.12-02.52.44:134][  0]LogConfig: Setting CVar [[r.SceneColorFringeQuality:1]]
[2023.06.12-02.52.44:134][  0]LogConfig: Setting CVar [[r.EyeAdaptationQuality:2]]
[2023.06.12-02.52.44:134][  0]LogConfig: Setting CVar [[r.BloomQuality:5]]
[2023.06.12-02.52.44:134][  0]LogConfig: Setting CVar [[r.FastBlurThreshold:100]]
[2023.06.12-02.52.44:134][  0]LogConfig: Setting CVar [[r.Upscale.Quality:3]]
[2023.06.12-02.52.44:134][  0]LogConfig: Setting CVar [[r.Tonemapper.GrainQuantization:1]]
[2023.06.12-02.52.44:134][  0]LogConfig: Setting CVar [[r.LightShaftQuality:1]]
[2023.06.12-02.52.44:134][  0]LogConfig: Setting CVar [[r.Filter.SizeScale:1]]
[2023.06.12-02.52.44:134][  0]LogConfig: Setting CVar [[r.Tonemapper.Quality:5]]
[2023.06.12-02.52.44:134][  0]LogConfig: Setting CVar [[r.DOF.Gather.AccumulatorQuality:1        ; higher gathering accumulator quality]]
[2023.06.12-02.52.44:134][  0]LogConfig: Setting CVar [[r.DOF.Gather.PostfilterMethod:1          ; Median3x3 postfilering method]]
[2023.06.12-02.52.44:134][  0]LogConfig: Setting CVar [[r.DOF.Gather.EnableBokehSettings:0       ; no bokeh simulation when gathering]]
[2023.06.12-02.52.44:134][  0]LogConfig: Setting CVar [[r.DOF.Gather.RingCount:4                 ; medium number of samples when gathering]]
[2023.06.12-02.52.44:134][  0]LogConfig: Setting CVar [[r.DOF.Scatter.ForegroundCompositing:1    ; additive foreground scattering]]
[2023.06.12-02.52.44:134][  0]LogConfig: Setting CVar [[r.DOF.Scatter.BackgroundCompositing:2    ; additive background scattering]]
[2023.06.12-02.52.44:134][  0]LogConfig: Setting CVar [[r.DOF.Scatter.EnableBokehSettings:1      ; bokeh simulation when scattering]]
[2023.06.12-02.52.44:134][  0]LogConfig: Setting CVar [[r.DOF.Scatter.MaxSpriteRatio:0.1         ; only a maximum of 10% of scattered bokeh]]
[2023.06.12-02.52.44:134][  0]LogConfig: Setting CVar [[r.DOF.Recombine.Quality:1                ; cheap slight out of focus]]
[2023.06.12-02.52.44:134][  0]LogConfig: Setting CVar [[r.DOF.Recombine.EnableBokehSettings:0    ; no bokeh simulation on slight out of focus]]
[2023.06.12-02.52.44:134][  0]LogConfig: Setting CVar [[r.DOF.TemporalAAQuality:1                ; more stable temporal accumulation]]
[2023.06.12-02.52.44:134][  0]LogConfig: Setting CVar [[r.DOF.Kernel.MaxForegroundRadius:0.025]]
[2023.06.12-02.52.44:134][  0]LogConfig: Setting CVar [[r.DOF.Kernel.MaxBackgroundRadius:0.025]]
[2023.06.12-02.52.44:134][  0]LogConfig: Applying CVar settings from Section [TextureQuality@3] File [C:/Unreal_projects/UnrealProject_SceneTest/Saved/Config/Windows/Scalability.ini]
[2023.06.12-02.52.44:134][  0]LogConfig: Setting CVar [[r.Streaming.MipBias:0]]
[2023.06.12-02.52.44:134][  0]LogConfig: Setting CVar [[r.Streaming.AmortizeCPUToGPUCopy:0]]
[2023.06.12-02.52.44:134][  0]LogConfig: Setting CVar [[r.Streaming.MaxNumTexturesToStreamPerFrame:0]]
[2023.06.12-02.52.44:134][  0]LogConfig: Setting CVar [[r.Streaming.Boost:1]]
[2023.06.12-02.52.44:134][  0]LogConfig: Setting CVar [[r.MaxAnisotropy:8]]
[2023.06.12-02.52.44:134][  0]LogConfig: Setting CVar [[r.VT.MaxAnisotropy:8]]
[2023.06.12-02.52.44:134][  0]LogConfig: Setting CVar [[r.Streaming.LimitPoolSizeToVRAM:0]]
[2023.06.12-02.52.44:134][  0]LogConfig: Setting CVar [[r.Streaming.PoolSize:1000]]
[2023.06.12-02.52.44:134][  0]LogConfig: Setting CVar [[r.Streaming.MaxEffectiveScreenSize:0]]
[2023.06.12-02.52.44:134][  0]LogConfig: Applying CVar settings from Section [EffectsQuality@3] File [C:/Unreal_projects/UnrealProject_SceneTest/Saved/Config/Windows/Scalability.ini]
[2023.06.12-02.52.44:134][  0]LogConfig: Setting CVar [[r.TranslucencyLightingVolumeDim:64]]
[2023.06.12-02.52.44:134][  0]LogConfig: Setting CVar [[r.RefractionQuality:2]]
[2023.06.12-02.52.44:134][  0]LogConfig: Setting CVar [[r.SSR.Quality:3]]
[2023.06.12-02.52.44:134][  0]LogConfig: Setting CVar [[r.SSR.HalfResSceneColor:0]]
[2023.06.12-02.52.44:134][  0]LogConfig: Setting CVar [[r.SceneColorFormat:4]]
[2023.06.12-02.52.44:134][  0]LogConfig: Setting CVar [[r.DetailMode:2]]
[2023.06.12-02.52.44:134][  0]LogConfig: Setting CVar [[r.TranslucencyVolumeBlur:1]]
[2023.06.12-02.52.44:134][  0]LogConfig: Setting CVar [[r.MaterialQualityLevel:1 ; High quality]]
[2023.06.12-02.52.44:134][  0]LogConfig: Setting CVar [[r.SSS.Scale:1]]
[2023.06.12-02.52.44:134][  0]LogConfig: Setting CVar [[r.SSS.SampleSet:2]]
[2023.06.12-02.52.44:134][  0]LogConfig: Setting CVar [[r.SSS.Quality:1]]
[2023.06.12-02.52.44:134][  0]LogConfig: Setting CVar [[r.SSS.HalfRes:0]]
[2023.06.12-02.52.44:134][  0]LogConfig: Setting CVar [[r.SSGI.Quality:3]]
[2023.06.12-02.52.44:134][  0]LogConfig: Setting CVar [[r.EmitterSpawnRateScale:1.0]]
[2023.06.12-02.52.44:134][  0]LogConfig: Setting CVar [[r.ParticleLightQuality:2]]
[2023.06.12-02.52.44:134][  0]LogConfig: Setting CVar [[r.SkyAtmosphere.AerialPerspectiveLUT.FastApplyOnOpaque:1 ; Always have FastSkyLUT 1 in this case to avoid wrong sky]]
[2023.06.12-02.52.44:134][  0]LogConfig: Setting CVar [[r.SkyAtmosphere.AerialPerspectiveLUT.SampleCountPerSlice:1]]
[2023.06.12-02.52.44:134][  0]LogConfig: Setting CVar [[r.SkyAtmosphere.AerialPerspectiveLUT.DepthResolution:16.0]]
[2023.06.12-02.52.44:134][  0]LogConfig: Setting CVar [[r.SkyAtmosphere.FastSkyLUT:1]]
[2023.06.12-02.52.44:134][  0]LogConfig: Setting CVar [[r.SkyAtmosphere.FastSkyLUT.SampleCountMin:4.0]]
[2023.06.12-02.52.44:134][  0]LogConfig: Setting CVar [[r.SkyAtmosphere.FastSkyLUT.SampleCountMax:32.0]]
[2023.06.12-02.52.44:134][  0]LogConfig: Setting CVar [[r.SkyAtmosphere.SampleCountMin:4.0]]
[2023.06.12-02.52.44:134][  0]LogConfig: Setting CVar [[r.SkyAtmosphere.SampleCountMax:32.0]]
[2023.06.12-02.52.44:134][  0]LogConfig: Setting CVar [[r.SkyAtmosphere.TransmittanceLUT.UseSmallFormat:0]]
[2023.06.12-02.52.44:134][  0]LogConfig: Setting CVar [[r.SkyAtmosphere.TransmittanceLUT.SampleCount:10.0]]
[2023.06.12-02.52.44:134][  0]LogConfig: Setting CVar [[r.SkyAtmosphere.MultiScatteringLUT.SampleCount:15.0]]
[2023.06.12-02.52.44:134][  0]LogConfig: Applying CVar settings from Section [FoliageQuality@3] File [C:/Unreal_projects/UnrealProject_SceneTest/Saved/Config/Windows/Scalability.ini]
[2023.06.12-02.52.44:134][  0]LogConfig: Setting CVar [[foliage.DensityScale:1.0]]
[2023.06.12-02.52.44:134][  0]LogConfig: Setting CVar [[grass.DensityScale:1.0]]
[2023.06.12-02.52.44:134][  0]LogConfig: Applying CVar settings from Section [ShadingQuality@3] File [C:/Unreal_projects/UnrealProject_SceneTest/Saved/Config/Windows/Scalability.ini]
[2023.06.12-02.52.44:134][  0]LogConfig: Setting CVar [[r.HairStrands.SkyLighting.SampleCount:16]]
[2023.06.12-02.52.44:134][  0]LogConfig: Setting CVar [[r.HairStrands.SkyLighting.JitterIntegration:0]]
[2023.06.12-02.52.44:134][  0]LogConfig: Setting CVar [[r.HairStrands.SkyAO.SampleCount:16]]
[2023.06.12-02.52.44:134][  0]LogConfig: Setting CVar [[r.HairStrands.DeepShadow.SuperSampling:0]]
[2023.06.12-02.52.44:134][  0]LogConfig: Setting CVar [[r.HairStrands.VisibilityPPLL:0]]
[2023.06.12-02.52.44:134][  0]LogConfig: Setting CVar [[r.HairStrands.RasterizationScale:0.5]]
[2023.06.12-02.52.44:134][  0]LogConfig: Setting CVar [[r.HairStrands.VelocityRasterizationScale:1]]
[2023.06.12-02.52.44:134][  0]LogConfig: Applying CVar settings from Section [Startup] File [../../../Engine/Config/ConsoleVariables.ini]
[2023.06.12-02.52.44:135][  0]LogConfig: Setting CVar [[net.UseAdaptiveNetUpdateFrequency:0]]
[2023.06.12-02.52.44:135][  0]LogConfig: Setting CVar [[p.chaos.AllowCreatePhysxBodies:1]]
[2023.06.12-02.52.44:135][  0]LogConfig: Setting CVar [[fx.SkipVectorVMBackendOptimizations:1]]
[2023.06.12-02.52.44:135][  0]LogConfig: Applying CVar settings from Section [ConsoleVariables] File [C:/Unreal_projects/UnrealProject_SceneTest/Saved/Config/Windows/Engine.ini]
[2023.06.12-02.52.44:135][  0]LogInit: Computer: LAPTOP-8CE04Q37
[2023.06.12-02.52.44:135][  0]LogInit: User: usani
[2023.06.12-02.52.44:135][  0]LogInit: CPU Page size=4096, Cores=14
[2023.06.12-02.52.44:135][  0]LogInit: High frequency timer resolution =10.000000 MHz
[2023.06.12-02.52.44:135][  0]LogMemory: Memory total: Physical=7.7GB (8GB approx)
[2023.06.12-02.52.44:135][  0]LogMemory: Platform Memory Stats for Windows
[2023.06.12-02.52.44:135][  0]LogMemory: Process Physical Memory: 118.75 MB used, 118.75 MB peak
[2023.06.12-02.52.44:135][  0]LogMemory: Process Virtual Memory: 101.70 MB used, 101.70 MB peak
[2023.06.12-02.52.44:135][  0]LogMemory: Physical Memory: 6894.68 MB used,  965.21 MB free, 7859.88 MB total
[2023.06.12-02.52.44:135][  0]LogMemory: Virtual Memory: 5218.57 MB used,  134212512.00 MB free, 134217728.00 MB total
[2023.06.12-02.52.44:142][  0]LogWindows: WindowsPlatformFeatures enabled
[2023.06.12-02.52.44:239][  0]LogInit: Physics initialised using underlying interface: PhysX
[2023.06.12-02.52.44:240][  0]LogInit: Using OS detected language (zh-TW).
[2023.06.12-02.52.44:240][  0]LogInit: Using OS detected locale (zh-TW).
[2023.06.12-02.52.44:241][  0]LogTextLocalizationManager: No localization for 'zh-TW' exists, so 'en' will be used for the language.
[2023.06.12-02.52.44:460][  0]LogInit: Setting process to per monitor DPI aware
[2023.06.12-02.52.44:497][  0]LogSlate: New Slate User Created.  User Index 0, Is Virtual User: 0
[2023.06.12-02.52.44:497][  0]LogSlate: Slate User Registered.  User Index 0, Is Virtual User: 0
[2023.06.12-02.52.44:722][  0]LogHMD: Failed to initialize OpenVR with code 110
[2023.06.12-02.52.44:722][  0]LogD3D11RHI: D3D11 min allowed feature level: 11_0
[2023.06.12-02.52.44:722][  0]LogD3D11RHI: D3D11 max allowed feature level: 11_0
[2023.06.12-02.52.44:722][  0]LogD3D11RHI: D3D11 adapters:
[2023.06.12-02.52.44:862][  0]LogD3D11RHI:    0. 'NVIDIA GeForce RTX 3050 Laptop GPU' (Feature Level 11_0)
[2023.06.12-02.52.44:862][  0]LogD3D11RHI:       3991/0/3929 MB DedicatedVideo/DedicatedSystem/SharedSystem, Outputs:1, VendorId:0x10de
[2023.06.12-02.52.44:892][  0]LogD3D11RHI:    1. 'Intel(R) UHD Graphics' (Feature Level 11_0)
[2023.06.12-02.52.44:892][  0]LogD3D11RHI:       128/0/3929 MB DedicatedVideo/DedicatedSystem/SharedSystem, Outputs:0, VendorId:0x8086
[2023.06.12-02.52.44:895][  0]LogD3D11RHI:    2. 'Microsoft Basic Render Driver' (Feature Level 11_0)
[2023.06.12-02.52.44:895][  0]LogD3D11RHI:       0/0/3929 MB DedicatedVideo/DedicatedSystem/SharedSystem, Outputs:0, VendorId:0x1414
[2023.06.12-02.52.44:895][  0]LogD3D11RHI: Chosen D3D11 Adapter: 0
[2023.06.12-02.52.44:904][  0]LogD3D11RHI: Creating new Direct3DDevice
[2023.06.12-02.52.44:904][  0]LogD3D11RHI:     GPU DeviceId: 0x25a2 (for the marketing name, search the web for "GPU Device Id")
[2023.06.12-02.52.44:904][  0]LogWindows: EnumDisplayDevices:
[2023.06.12-02.52.44:904][  0]LogWindows:    0. 'Intel(R) UHD Graphics' (P:1 D:1)
[2023.06.12-02.52.44:904][  0]LogWindows:    1. 'Intel(R) UHD Graphics' (P:0 D:0)
[2023.06.12-02.52.44:904][  0]LogWindows:    2. 'Intel(R) UHD Graphics' (P:0 D:0)
[2023.06.12-02.52.44:905][  0]LogWindows:    3. 'Intel(R) UHD Graphics' (P:0 D:0)
[2023.06.12-02.52.44:905][  0]LogWindows:    4. 'NVIDIA GeForce RTX 3050 Laptop GPU' (P:0 D:0)
[2023.06.12-02.52.44:905][  0]LogWindows: DebugString: PrimaryIsNotTheChoosenAdapter PrimaryIsNotTheChoosenAdapter PrimaryIsNotTheChoosenAdapter PrimaryIsNotTheChoosenAdapter 
[2023.06.12-02.52.44:905][  0]LogD3D11RHI:     Adapter Name: NVIDIA GeForce RTX 3050 Laptop GPU
[2023.06.12-02.52.44:905][  0]LogD3D11RHI:   Driver Version: 512.78 (internal:30.0.15.1278, unified:512.78)
[2023.06.12-02.52.44:905][  0]LogD3D11RHI:      Driver Date: 5-5-2022
[2023.06.12-02.52.44:905][  0]LogRHI: Texture pool is 2793 MB (70% of 3991 MB)
[2023.06.12-02.52.44:944][  0]LogD3D11RHI: RHI has support for 64 bit atomics
[2023.06.12-02.52.44:944][  0]LogD3D11RHI: Async texture creation enabled
[2023.06.12-02.52.44:944][  0]LogD3D11RHI: Array index from any shader is supported
[2023.06.12-02.52.44:962][  0]LogD3D11RHI: GPU Timing Frequency: 1000.000000 (Debug: 2 1)
[2023.06.12-02.52.45:216][  0]LogTargetPlatformManager: Display: Loaded TargetPlatform 'AllDesktop'
[2023.06.12-02.52.45:234][  0]LogTargetPlatformManager: Display: Loaded TargetPlatform 'Android'
[2023.06.12-02.52.45:234][  0]LogTargetPlatformManager: Display: Loaded TargetPlatform 'Android_ASTC'
[2023.06.12-02.52.45:234][  0]LogTargetPlatformManager: Display: Loaded TargetPlatform 'Android_DXT'
[2023.06.12-02.52.45:234][  0]LogTargetPlatformManager: Display: Loaded TargetPlatform 'Android_ETC2'
[2023.06.12-02.52.45:234][  0]LogTargetPlatformManager: Display: Loaded TargetPlatform 'AndroidClient'
[2023.06.12-02.52.45:234][  0]LogTargetPlatformManager: Display: Loaded TargetPlatform 'Android_ASTCClient'
[2023.06.12-02.52.45:234][  0]LogTargetPlatformManager: Display: Loaded TargetPlatform 'Android_DXTClient'
[2023.06.12-02.52.45:234][  0]LogTargetPlatformManager: Display: Loaded TargetPlatform 'Android_ETC2Client'
[2023.06.12-02.52.45:234][  0]LogTargetPlatformManager: Display: Loaded TargetPlatform 'Android_Multi'
[2023.06.12-02.52.45:234][  0]LogTargetPlatformManager: Display: Loaded TargetPlatform 'Android_MultiClient'
[2023.06.12-02.52.45:259][  0]LogTargetPlatformManager: Display: Loaded TargetPlatform 'IOSClient'
[2023.06.12-02.52.45:259][  0]LogTargetPlatformManager: Display: Loaded TargetPlatform 'IOS'
[2023.06.12-02.52.45:270][  0]LogTargetPlatformManager: Display: Loaded TargetPlatform 'Linux'
[2023.06.12-02.52.45:280][  0]LogTargetPlatformManager: Display: Loaded TargetPlatform 'LinuxNoEditor'
[2023.06.12-02.52.45:289][  0]LogTargetPlatformManager: Display: Loaded TargetPlatform 'LinuxClient'
[2023.06.12-02.52.45:296][  0]LogTargetPlatformManager: Display: Loaded TargetPlatform 'LinuxServer'
[2023.06.12-02.52.45:306][  0]LogTargetPlatformManager: Display: Loaded TargetPlatform 'LinuxAArch64NoEditor'
[2023.06.12-02.52.45:316][  0]LogTargetPlatformManager: Display: Loaded TargetPlatform 'LinuxAArch64Client'
[2023.06.12-02.52.45:325][  0]LogTargetPlatformManager: Display: Loaded TargetPlatform 'LinuxAArch64Server'
[2023.06.12-02.52.45:347][  0]LogTargetPlatformManager: Display: Loaded TargetPlatform 'Lumin'
[2023.06.12-02.52.45:347][  0]LogTargetPlatformManager: Display: Loaded TargetPlatform 'LuminClient'
[2023.06.12-02.52.45:360][  0]LogTargetPlatformManager: Display: Loaded TargetPlatform 'TVOSClient'
[2023.06.12-02.52.45:360][  0]LogTargetPlatformManager: Display: Loaded TargetPlatform 'TVOS'
[2023.06.12-02.52.45:372][  0]LogTargetPlatformManager: Display: Loaded TargetPlatform 'WindowsNoEditor'
[2023.06.12-02.52.45:385][  0]LogTargetPlatformManager: Display: Loaded TargetPlatform 'Windows'
[2023.06.12-02.52.45:398][  0]LogTargetPlatformManager: Display: Loaded TargetPlatform 'WindowsClient'
[2023.06.12-02.52.45:409][  0]LogTargetPlatformManager: Display: Loaded TargetPlatform 'WindowsServer'
[2023.06.12-02.52.45:409][  0]LogTargetPlatformManager: Display: Building Assets For Windows
[2023.06.12-02.52.45:425][  0]LogAudioDebug: Display: Lib vorbis DLL was dynamically loaded.
[2023.06.12-02.52.45:545][  0]LogShaderCompilers: Guid format shader working directory is -12 characters bigger than the processId version (../../../../../../Unreal_projects/UnrealProject_SceneTest/Intermediate/Shaders/WorkingDirectory/31276/).
[2023.06.12-02.52.45:545][  0]LogShaderCompilers: Cleaned the shader compiler working directory 'C:/Users/usani/AppData/Local/Temp/UnrealShaderWorkingDir/CEACC281444B88B66E094A9E4412EAD5/'.
[2023.06.12-02.52.45:546][  0]LogXGEController: Cannot use XGE Controller as Incredibuild is not installed on this machine.
[2023.06.12-02.52.45:546][  0]LogShaderCompilers: Cannot use XGE Shader Compiler as Incredibuild is not installed on this machine.
[2023.06.12-02.52.45:546][  0]LogShaderCompilers: Display: Using Local Shader Compiler.
[2023.06.12-02.52.46:230][  0]LogDerivedDataCache: Display: Max Cache Size: 512 MB
[2023.06.12-02.52.46:296][  0]LogDerivedDataCache: Loaded boot cache 0.07s 75MB C:/Users/usani/AppData/Local/UnrealEngine/4.25/DerivedDataCache/Boot.ddc.
[2023.06.12-02.52.46:296][  0]LogDerivedDataCache: Display: Loaded Boot cache: C:/Users/usani/AppData/Local/UnrealEngine/4.25/DerivedDataCache/Boot.ddc
[2023.06.12-02.52.46:296][  0]LogDerivedDataCache: FDerivedDataBackendGraph:  Pak pak cache file ../../../../../../Unreal_projects/UnrealProject_SceneTest/DerivedDataCache/DDC.ddp not found, will not use a pak cache.
[2023.06.12-02.52.46:296][  0]LogDerivedDataCache: Unable to find inner node Pak for hierarchical cache Hierarchy.
[2023.06.12-02.52.46:296][  0]LogDerivedDataCache: FDerivedDataBackendGraph:  CompressedPak pak cache file ../../../../../../Unreal_projects/UnrealProject_SceneTest/DerivedDataCache/Compressed.ddp not found, will not use a pak cache.
[2023.06.12-02.52.46:296][  0]LogDerivedDataCache: Unable to find inner node CompressedPak for hierarchical cache Hierarchy.
[2023.06.12-02.52.46:305][  0]LogDerivedDataCache: Display: Pak cache opened for reading ../../../Engine/DerivedDataCache/Compressed.ddp.
[2023.06.12-02.52.46:305][  0]LogDerivedDataCache: FDerivedDataBackendGraph:  EnterprisePak pak cache file ../../../Enterprise/DerivedDataCache/Compressed.ddp not found, will not use a pak cache.
[2023.06.12-02.52.46:305][  0]LogDerivedDataCache: Unable to find inner node EnterprisePak for hierarchical cache Hierarchy.
[2023.06.12-02.52.46:307][  0]LogDerivedDataCache: Using Local data cache path C:/Users/usani/AppData/Local/UnrealEngine/Common/DerivedDataCache: Writable
[2023.06.12-02.52.46:307][  0]LogDerivedDataCache: Shared data cache path not found in *engine.ini, will not use an Shared cache.
[2023.06.12-02.52.46:307][  0]LogDerivedDataCache: Unable to find inner node Shared for hierarchical cache Hierarchy.
[2023.06.12-02.52.46:346][  0]LogSlate: Using FreeType 2.10.0
[2023.06.12-02.52.46:349][  0]LogSlate: SlateFontServices - WITH_FREETYPE: 1, WITH_HARFBUZZ: 1
[2023.06.12-02.52.46:385][  0]LogAssetRegistry: FAssetRegistry took 0.0044 seconds to start up
[2023.06.12-02.52.46:696][  0]LogInit: Selected Device Profile: [Windows]
[2023.06.12-02.52.46:877][  0]LogMeshReduction: Using QuadricMeshReduction for automatic static mesh reduction
[2023.06.12-02.52.46:877][  0]LogMeshReduction: Using SimplygonMeshReduction for automatic skeletal mesh reduction
[2023.06.12-02.52.46:877][  0]LogMeshReduction: Using ProxyLODMeshReduction for automatic mesh merging
[2023.06.12-02.52.46:877][  0]LogMeshReduction: No distributed automatic mesh merging module available
[2023.06.12-02.52.46:878][  0]LogMeshMerging: No distributed automatic mesh merging module available
[2023.06.12-02.52.46:918][  0]LogNetVersion: InventoryUIwithUMG 1.0.0, NetCL: 13144385, EngineNetVer: 14, GameNetVer: 0 (Checksum: 536782954)
[2023.06.12-02.52.47:592][  0]LogAISub: UAISubsystem::UAISubsystem AISubsystem (0000012029BB9BC0), frame # 0
[2023.06.12-02.52.47:592][  0]LogAISub: UAISubsystem::UAISubsystem AIPerceptionSystem (0000012029A77740), frame # 0
[2023.06.12-02.52.47:597][  0]LogAISub: UAISubsystem::UAISubsystem EnvQueryManager (0000012029AE5E00), frame # 0
[2023.06.12-02.52.47:650][  0]LogPackageLocalizationCache: Processed 19 localized package path(s) for 1 prioritized culture(s) in 0.028876 seconds
[2023.06.12-02.52.47:655][  0]LogUObjectArray: 15917 objects as part of root set at end of initial load.
[2023.06.12-02.52.47:655][  0]LogUObjectAllocator: 3965568 out of 0 bytes used by permanent object pool.
[2023.06.12-02.52.47:655][  0]LogUObjectArray: CloseDisregardForGC: 0/0 objects in disregard for GC pool
[2023.06.12-02.52.48:383][  0]LogTcpMessaging: Initializing TcpMessaging bridge
[2023.06.12-02.52.48:393][  0]LogUdpMessaging: Initializing bridge on interface 0.0.0.0:0 to multicast group 230.0.0.1:6666.
[2023.06.12-02.52.48:589][  0]SourceControl: Source control is disabled
[2023.06.12-02.52.48:590][  0]SourceControl: Source control is disabled
[2023.06.12-02.52.48:598][  0]SourceControl: Source control is disabled
[2023.06.12-02.52.48:605][  0]SourceControl: Source control is disabled
[2023.06.12-02.52.48:618][  0]SourceControl: Source control is disabled
[2023.06.12-02.52.49:049][  0]LogAndroidPermission: UAndroidPermissionCallbackProxy::GetInstance
[2023.06.12-02.52.49:083][  0]LogAudioCaptureCore: Display: No Audio Capture implementations found. Audio input will be silent.
[2023.06.12-02.52.49:083][  0]LogAudioCaptureCore: Display: No Audio Capture implementations found. Audio input will be silent.
[2023.06.12-02.52.49:153][  0]LogOcInput: OculusInput pre-init called
[2023.06.12-02.52.49:171][  0]LogWindows: Failed to load 'OVRPlugin.dll' (GetLastError=126)
[2023.06.12-02.52.49:171][  0]LogWindows: File 'OVRPlugin.dll' does not exist
[2023.06.12-02.52.49:319][  0]LogEngine: Initializing Engine...
[2023.06.12-02.52.49:323][  0]LogHMD: Failed to initialize OpenVR with code 110
[2023.06.12-02.52.49:323][  0]LogMagicLeap: Warning: VR disabled because ZI is not enabled.  To enable, in the editor, Edit -> Project Settings -> Plugins -> Magic Leap Plugin -> Enable Zero Iteration
[2023.06.12-02.52.49:325][  0]LogStats: UGameplayTagsManager::InitializeManager -  0.001 s
[2023.06.12-02.52.49:450][  0]LogInit: Initializing FReadOnlyCVARCache
[2023.06.12-02.52.49:495][  0]LogAIModule: Creating AISystem for world Untitled
[2023.06.12-02.52.49:495][  0]LogAISub: UAISubsystem::UAISubsystem EnvQueryManager (0000012034B40600), frame # 0
[2023.06.12-02.52.49:495][  0]LogAISub: UAISubsystem::UAISubsystem AIPerceptionSystem (0000012034AF3B00), frame # 0
[2023.06.12-02.52.49:511][  0]LogAudioMixer: Display: Audio Mixer Platform Settings:
[2023.06.12-02.52.49:511][  0]LogAudioMixer: Display: 	Sample Rate:						  48000
[2023.06.12-02.52.49:511][  0]LogAudioMixer: Display: 	Callback Buffer Frame Size Requested: 1024
[2023.06.12-02.52.49:511][  0]LogAudioMixer: Display: 	Callback Buffer Frame Size To Use:	  1024
[2023.06.12-02.52.49:511][  0]LogAudioMixer: Display: 	Number of buffers to queue:			  2
[2023.06.12-02.52.49:511][  0]LogAudioMixer: Display: 	Max Channels (voices):				  32
[2023.06.12-02.52.49:511][  0]LogAudioMixer: Display: 	Number of Async Source Workers:		  0
[2023.06.12-02.52.49:511][  0]LogAudio: Display: AudioDevice MaxSources: 32
[2023.06.12-02.52.49:512][  0]LogAudio: Display: Using built-in audio occlusion.
[2023.06.12-02.52.49:512][  0]LogAudioMixer: Display: Initializing audio mixer.
[2023.06.12-02.52.49:535][  0]LogAudioMixer: Display: 0: FrontLeft
[2023.06.12-02.52.49:535][  0]LogAudioMixer: Display: 1: FrontRight
[2023.06.12-02.52.50:100][  0]LogAudioMixer: Display: Using Audio Device Speaker (Realtek(R) Audio)
[2023.06.12-02.52.50:105][  0]LogAudioMixer: Display: Initializing Sound Submixes...
[2023.06.12-02.52.50:108][  0]LogAudioMixer: Display: Creating Master Submix 'MasterSubmixDefault'
[2023.06.12-02.52.50:108][  0]LogAudioMixer: Display: Creating Master Submix 'MasterReverbSubmixDefault'
[2023.06.12-02.52.50:111][  0]LogAudioMixer: Display: Creating Master Submix 'MasterEQSubmixDefault'
[2023.06.12-02.52.50:113][  0]LogInit: FAudioDevice initialized.
[2023.06.12-02.52.50:115][  0]LogNetVersion: Set ProjectVersion to 1.0.0.0. Version Checksum will be recalculated on next use.
[2023.06.12-02.52.50:359][  0]LogDerivedDataCache: Saved boot cache 0.24s 75MB C:/Users/usani/AppData/Local/UnrealEngine/4.25/DerivedDataCache/Boot.ddc.
[2023.06.12-02.52.50:359][  0]LogInit: Texture streaming: Enabled
[2023.06.12-02.52.50:401][  0]LogEngineSessionManager: EngineSessionManager initialized
[2023.06.12-02.52.50:401][  0]LogEditorSessionSummary: Verbose: Initializing EditorSessionSummaryWriter for editor session tracking
[2023.06.12-02.52.50:406][  0]LogEditorSessionSummary: EditorSessionSummaryWriter initialized
[2023.06.12-02.52.50:488][  0]LogInit: Transaction tracking system initialized
[2023.06.12-02.52.50:555][  0]BlueprintLog: New page: Editor Load
[2023.06.12-02.52.50:746][  0]LocalizationService: Localization service is disabled
[2023.06.12-02.52.51:026][  0]LogCook: Display: Max memory allowance for cook 16384mb min free memory 0mb
[2023.06.12-02.52.51:027][  0]LogCook: Display: Mobile HDR setting 1
[2023.06.12-02.52.51:110][  0]LogFileCache: Scanning file cache for directory 'C:/Unreal_projects/UnrealProject_SceneTest/Content/' took 0.02s
[2023.06.12-02.52.51:495][  0]SourceControl: Source control is disabled
[2023.06.12-02.52.51:496][  0]LogUnrealEdMisc: Loading editor; pre map load, took 9.983
[2023.06.12-02.52.51:497][  0]Cmd: MAP LOAD FILE="../../../../../../Unreal_projects/UnrealProject_SceneTest/Content/EF_Sam/Maps/Game_map_room.umap" TEMPLATE=0 SHOWPROGRESS=1 FEATURELEVEL=3
[2023.06.12-02.52.51:499][  0]LightingResults: New page: Lighting Build
[2023.06.12-02.52.51:504][  0]LogWorld: UWorld::CleanupWorld for Untitled, bSessionEnded=true, bCleanupResources=true
[2023.06.12-02.52.51:505][  0]LogSlate: InvalidateAllWidgets triggered.  All widgets were invalidated
[2023.06.12-02.52.51:506][  0]MapCheck: New page: Map Check
[2023.06.12-02.52.51:506][  0]LightingResults: New page: Lighting Build
[2023.06.12-02.52.51:529][  0]LogAISub: UAISubsystem::~UAISubsystem EnvQueryManager (0000012034B40600), frame # 0
[2023.06.12-02.52.51:529][  0]LogAISub: UAISubsystem::~UAISubsystem AIPerceptionSystem (0000012034AF3B00), frame # 0
[2023.06.12-02.52.51:530][  0]LogUObjectHash: Compacting FUObjectHashTables data took   0.45ms
[2023.06.12-02.52.51:612][  0]LogLinker: Warning: While loading '../../../../../../Unreal_projects/UnrealProject_SceneTest/Content/Audio/MusicInstance.uasset' failed to load '/Game/Audio/301ek-qb8lk': Can't find file.
[2023.06.12-02.52.51:612][  0]LogLinker: Warning: While loading '../../../../../../Unreal_projects/UnrealProject_SceneTest/Content/Audio/MusicInstance.uasset' failed to load '/Game/Audio/301ek-qb8lk': Can't find file.
[2023.06.12-02.52.51:616][  0]LogLinker: Warning: While loading '../../../../../../Unreal_projects/UnrealProject_SceneTest/Content/Audio/MusicInstance.uasset' failed to load '/Game/Audio/301ek-qb8lk': Can't find file.
[2023.06.12-02.52.51:616][  0]LogLinker: Warning: While loading '../../../../../../Unreal_projects/UnrealProject_SceneTest/Content/Audio/MusicInstance.uasset' failed to load '/Game/Audio/301ek-qb8lk': Can't find file.
[2023.06.12-02.52.51:616][  0]LogLinker: Warning: While loading '../../../../../../Unreal_projects/UnrealProject_SceneTest/Content/EF_Sam/Maps/Game_map_room.umap' failed to load '/Game/Audio/301ek-qb8lk': Can't find file.
[2023.06.12-02.52.51:617][  0]LogLinker: Warning: While loading '../../../../../../Unreal_projects/UnrealProject_SceneTest/Content/EF_Sam/Maps/Game_map_room.umap' failed to load '/Game/Audio/301ek-qb8lk': Can't find file.
[2023.06.12-02.52.51:617][  0]LogLinker: Warning: While loading '../../../../../../Unreal_projects/UnrealProject_SceneTest/Content/EF_Sam/Maps/Game_map_room.umap' failed to load '/Game/Audio/301ek-qb8lk': Can't find file.
[2023.06.12-02.52.51:617][  0]LogLinker: Warning: While loading '../../../../../../Unreal_projects/UnrealProject_SceneTest/Content/EF_Sam/Maps/Game_map_room.umap' failed to load '/Game/Audio/301ek-qb8lk': Can't find file.
[2023.06.12-02.52.51:831][  0]LogLinker: Warning: Asset '../../../../../../Unreal_projects/UnrealProject_SceneTest/Content/OutlineMaterial/Materials/PP_Outliner_Inst.uasset' has been saved with empty engine version. The asset will be loaded but may be incompatible.
[2023.06.12-02.52.51:831][  0]LogLinker: Warning: While loading '../../../../../../Unreal_projects/UnrealProject_SceneTest/Content/OutlineMaterial/Materials/PP_Outliner_Inst.uasset' failed to load '/Game/Materials/PP_Outliner_M': Can't find file.
[2023.06.12-02.52.51:831][  0]LogLinker: Warning: While loading '../../../../../../Unreal_projects/UnrealProject_SceneTest/Content/OutlineMaterial/Materials/PP_Outliner_Inst.uasset' failed to load '/Game/Materials/PP_Outliner_M': Can't find file.
[2023.06.12-02.52.51:831][  0]LogLinker: Warning: While loading '../../../../../../Unreal_projects/UnrealProject_SceneTest/Content/OutlineMaterial/Materials/PP_Outliner_Inst.uasset' failed to load '/Game/Materials/PP_Outliner_M': Can't find file.
[2023.06.12-02.52.51:831][  0]LogLinker: Warning: While loading '../../../../../../Unreal_projects/UnrealProject_SceneTest/Content/OutlineMaterial/Materials/PP_Outliner_Inst.uasset' failed to load '/Game/Materials/PP_Outliner_M': Can't find file.
[2023.06.12-02.52.52:299][  0]LogLinker: Warning: While loading '../../../../../../Unreal_projects/UnrealProject_SceneTest/Content/OutlineMaterial/Materials/PP_Outliner_Inst.uasset' failed to load '/Game/Materials/PP_Outliner_M': Can't find file.
[2023.06.12-02.52.52:299][  0]LoadErrors: Failed to load /Game/Materials/PP_Outliner_M.PP_Outliner_M Referenced by PP_Outliner_Inst
[2023.06.12-02.52.52:299][  0]LogLinker: Warning: While loading '../../../../../../Unreal_projects/UnrealProject_SceneTest/Content/OutlineMaterial/Materials/PP_Outliner_Inst.uasset' failed to load '/Game/Materials/PP_Outliner_M': Can't find file.
[2023.06.12-02.52.52:299][  0]LoadErrors: Failed to load /Game/Materials/PP_Outliner_M.PP_Outliner_M Referenced by PP_Outliner_Inst
[2023.06.12-02.52.52:333][  0]LogAudioDerivedData: Display: Building compressed audio format OGG hash OGG10000-1-1-1-1-1 wave compress...
[2023.06.12-02.52.52:452][  0]LogAudioDerivedData: Display: Compression Quality for SoundWave /Game/Audio/compress.compress will be modified from 40 to 40.
[2023.06.12-02.52.59:287][  0]LogAudioDerivedData: Display: Updated SoundWave->RawPCMDataSize from 0 to 98053652 while cooking SoundWave /Game/Audio/compress.compress.
[2023.06.12-02.52.59:620][  0]LogAIModule: Creating AISystem for world Game_map_room
[2023.06.12-02.52.59:620][  0]LogAISub: UAISubsystem::UAISubsystem EnvQueryManager (000001203DE7E600), frame # 0
[2023.06.12-02.52.59:620][  0]LogAISub: UAISubsystem::UAISubsystem AIPerceptionSystem (000001203DEA7100), frame # 0
[2023.06.12-02.52.59:656][  0]LogStreaming: Display: ULevelStreaming::RequestLevel(/Game/Level/Ending_1_Level) is flushing async loading
[2023.06.12-02.52.59:656][  0]LogStreaming: Display: Flushing async loaders.
[2023.06.12-02.52.59:676][  0]LogStreaming: Display: ULevelStreaming::RequestLevel(/Game/Level/Main_Menu_Level) is flushing async loading
[2023.06.12-02.52.59:692][  0]LogEditorServer: Finished looking for orphan Actors (0.000 secs)
[2023.06.12-02.52.59:715][  0]LogUObjectHash: Compacting FUObjectHashTables data took   0.92ms
[2023.06.12-02.52.59:717][  0]Cmd: MAP CHECKDEP NOCLEARLOG
[2023.06.12-02.52.59:717][  0]LogEditorServer: Warning: WorldSettings contains streaming level '/Game/Level/Main_Menu_Level' which isn't loaded.
[2023.06.12-02.52.59:717][  0]LogEditorServer: Warning: WorldSettings contains streaming level '/Game/EF_Sam/Maps/Game_map_room' which isn't loaded.
[2023.06.12-02.52.59:717][  0]LogEditorServer: Warning: WorldSettings contains streaming level '/Game/EF_Sam/Maps/Game_map_room' which isn't loaded.
[2023.06.12-02.52.59:717][  0]LogEditorServer: Warning: WorldSettings contains streaming level '/Game/Level/Ending_1_Level' which isn't loaded.
[2023.06.12-02.52.59:717][  0]MapCheck: Map check complete: 0 Error(s), 0 Warning(s), took 0.392ms to complete.
[2023.06.12-02.52.59:717][  0]LogFileHelpers: Loading map 'Game_map_room' took 8.221
[2023.06.12-02.52.59:754][  0]LogUnrealEdMisc: Total Editor Startup Time, took 18.241
[2023.06.12-02.52.59:855][  0]LogWindowsTextInputMethodSystem: Display: IME system now activated using TSF (微軟注音).
[2023.06.12-02.52.59:979][  0]LogSlate: Updating window title bar state: overlay mode, drag disabled, window buttons hidden, title bar hidden
[2023.06.12-02.52.59:987][  0]LogSlate: Updating window title bar state: overlay mode, drag disabled, window buttons hidden, title bar hidden
[2023.06.12-02.52.59:992][  0]LogSlate: Updating window title bar state: overlay mode, drag disabled, window buttons hidden, title bar hidden
[2023.06.12-02.52.59:998][  0]LogSlate: Updating window title bar state: overlay mode, drag disabled, window buttons hidden, title bar hidden
[2023.06.12-02.53.00:029][  0]LogCollectionManager: Loaded 0 collections in 0.011842 seconds
[2023.06.12-02.53.00:056][  0]LogFileCache: Scanning file cache for directory 'C:/Unreal_projects/UnrealProject_SceneTest/Saved/Collections/' took 0.00s
[2023.06.12-02.53.00:056][  0]LogFileCache: Scanning file cache for directory 'C:/Unreal_projects/UnrealProject_SceneTest/Content/Developers/usani/Collections/' took 0.00s
[2023.06.12-02.53.00:056][  0]LogFileCache: Scanning file cache for directory 'C:/Unreal_projects/UnrealProject_SceneTest/Content/Collections/' took 0.00s
[2023.06.12-02.53.00:056][  0]LogContentBrowser: Native class hierarchy populated in 0.0087 seconds. Added 3427 classes and 821 folders.
[2023.06.12-02.53.00:064][  0]LogContentBrowser: Native class hierarchy updated for 'WidgetCarousel' in 0.0002 seconds. Added 0 classes and 0 folders.
[2023.06.12-02.53.00:184][  0]LogContentBrowser: Native class hierarchy updated for 'AddContentDialog' in 0.0002 seconds. Added 0 classes and 0 folders.
[2023.06.12-02.53.00:191][  0]LogContentBrowser: Native class hierarchy updated for 'SceneOutliner' in 0.0002 seconds. Added 2 classes and 0 folders.
[2023.06.12-02.53.00:292][  0]LogContentBrowser: Native class hierarchy updated for 'HierarchicalLODOutliner' in 0.0003 seconds. Added 0 classes and 0 folders.
[2023.06.12-02.53.00:292][  0]LogLoad: (Engine Initialization) Total time: 18.78 seconds
[2023.06.12-02.53.00:292][  0]LogLoad: (Engine Initialization) Total Blueprint compile time: 0.00 seconds
[2023.06.12-02.53.00:374][  0]LogContentStreaming: Texture pool size now 1000 MB
[2023.06.12-02.53.00:384][  0]LogSlate: Took 0.000869 seconds to synchronously load lazily loaded font '../../../Engine/Content/Slate/Fonts/Roboto-Regular.ttf' (155K)
[2023.06.12-02.53.00:386][  0]LogSlate: Took 0.000563 seconds to synchronously load lazily loaded font '../../../Engine/Content/Slate/Fonts/Roboto-Bold.ttf' (160K)
[2023.06.12-02.53.00:462][  0]LogSlate: Took 0.000554 seconds to synchronously load lazily loaded font '../../../Engine/Content/Slate/Fonts/DroidSansMono.ttf' (77K)
[2023.06.12-02.53.00:489][  1]LogRenderer: Reallocating scene render targets to support 716x248 Format 10 NumSamples 1 (Frame:1).
[2023.06.12-02.53.00:512][  1]LogAssetRegistry: Asset discovery search completed in 14.1302 seconds
[2023.06.12-02.53.00:516][  1]LogCollectionManager: Fixed up redirectors for 0 collections in 0.000003 seconds (updated 0 objects)
[2023.06.12-02.53.03:503][309]LogRenderer: Reallocating scene render targets to support 864x336 Format 10 NumSamples 1 (Frame:297).
[2023.06.12-02.53.13:356][749]LogSlate: Took 0.000641 seconds to synchronously load lazily loaded font '../../../Engine/Content/Editor/Slate/Fonts/FontAwesome.ttf' (139K)
[2023.06.12-02.53.13:552][749]LogSlate: Took 0.000711 seconds to synchronously load lazily loaded font '../../../Engine/Content/Slate/Fonts/Roboto-Light.ttf' (167K)
[2023.06.12-02.53.19:988][400]LogSlate: Took 0.000656 seconds to synchronously load lazily loaded font '../../../Engine/Content/Slate/Fonts/Roboto-Light.ttf' (167K)
[2023.06.12-02.53.20:005][400]LogAssetEditorSubsystem: Opening Asset editor for World /Game/Level/Main_Menu_Level.Main_Menu_Level
[2023.06.12-02.53.20:042][400]LogUObjectHash: Compacting FUObjectHashTables data took   5.64ms
[2023.06.12-02.53.20:081][400]Cmd: MAP LOAD FILE="../../../../../../Unreal_projects/UnrealProject_SceneTest/Content/Level/Main_Menu_Level.umap" TEMPLATE=0 SHOWPROGRESS=1 FEATURELEVEL=3
[2023.06.12-02.53.20:083][400]LightingResults: New page: Lighting Build
[2023.06.12-02.53.20:086][400]LoadErrors: New page: Loading map: Main_Menu_Level.umap
[2023.06.12-02.53.20:121][400]LogWorld: UWorld::CleanupWorld for Game_map_room, bSessionEnded=true, bCleanupResources=true
[2023.06.12-02.53.20:123][400]LogSlate: InvalidateAllWidgets triggered.  All widgets were invalidated
[2023.06.12-02.53.20:124][400]LogWorld: UWorld::CleanupWorld for Ending_1_Level, bSessionEnded=true, bCleanupResources=true
[2023.06.12-02.53.20:124][400]LogSlate: InvalidateAllWidgets triggered.  All widgets were invalidated
[2023.06.12-02.53.20:124][400]LogWorld: UWorld::CleanupWorld for Main_Menu_Level, bSessionEnded=true, bCleanupResources=true
[2023.06.12-02.53.20:124][400]LogSlate: InvalidateAllWidgets triggered.  All widgets were invalidated
[2023.06.12-02.53.20:126][400]MapCheck: New page: Map Check
[2023.06.12-02.53.20:126][400]LightingResults: New page: Lighting Build
[2023.06.12-02.53.20:178][400]LogAISub: UAISubsystem::~UAISubsystem EnvQueryManager (000001203DE7E600), frame # 1400
[2023.06.12-02.53.20:178][400]LogAISub: UAISubsystem::~UAISubsystem AIPerceptionSystem (000001203DEA7100), frame # 1400
[2023.06.12-02.53.20:182][400]LogUObjectHash: Compacting FUObjectHashTables data took   1.30ms
[2023.06.12-02.53.20:199][400]LogAIModule: Creating AISystem for world Main_Menu_Level
[2023.06.12-02.53.20:201][400]LogAISub: UAISubsystem::UAISubsystem EnvQueryManager (000001203DE72400), frame # 1400
[2023.06.12-02.53.20:202][400]LogAISub: UAISubsystem::UAISubsystem AIPerceptionSystem (000001203DC55300), frame # 1400
[2023.06.12-02.53.20:207][400]LogStreaming: Display: ULevelStreaming::RequestLevel(/Game/EF_Sam/Maps/Game_map_room) is flushing async loading
[2023.06.12-02.53.20:207][400]LogStreaming: Display: Flushing async loaders.
[2023.06.12-02.53.20:310][400]LogStreaming: Display: ULevelStreaming::RequestLevel(/Game/Level/Ending_1_Level) is flushing async loading
[2023.06.12-02.53.20:324][400]LogEditorServer: Finished looking for orphan Actors (0.000 secs)
[2023.06.12-02.53.20:342][400]LogUObjectHash: Compacting FUObjectHashTables data took   0.55ms
[2023.06.12-02.53.20:360][400]Cmd: MAP CHECKDEP NOCLEARLOG
[2023.06.12-02.53.20:360][400]LogEditorServer: Warning: WorldSettings_1 contains streaming level '/Game/Level/Ending_1_Level' which isn't loaded.
[2023.06.12-02.53.20:360][400]LogEditorServer: Warning: WorldSettings_1 contains streaming level '/Game/Level/Main_Menu_Level' which isn't loaded.
[2023.06.12-02.53.20:360][400]LogEditorServer: Warning: WorldSettings contains streaming level '/Game/Level/Main_Menu_Level' which isn't loaded.
[2023.06.12-02.53.20:360][400]LogEditorServer: Warning: WorldSettings contains streaming level '/Game/EF_Sam/Maps/Game_map_room' which isn't loaded.
[2023.06.12-02.53.20:360][400]MapCheck: Map check complete: 0 Error(s), 0 Warning(s), took 0.363ms to complete.
[2023.06.12-02.53.20:360][400]LogFileHelpers: Loading map 'Main_Menu_Level' took 0.282
[2023.06.12-02.53.20:395][400]LogUObjectHash: Compacting FUObjectHashTables data took   0.28ms
[2023.06.12-02.53.22:531][643]LogTemp: Repeating last play command: New Editor Window (PIE)
[2023.06.12-02.53.22:552][643]LogPlayLevel: PlayLevel: No blueprints needed recompiling
[2023.06.12-02.53.22:552][643]PIE: New page: PIE session: Main_Menu_Level (2023年6月12日 下午6:53:22)
[2023.06.12-02.53.22:566][643]LogOnline: OSS: Creating online subsystem instance for: NULL
[2023.06.12-02.53.22:571][643]LogOnline: OSS: TryLoadSubsystemAndSetDefault: Loaded subsystem for module [NULL]
[2023.06.12-02.53.22:572][643]LogPlayLevel: Creating play world package: /Game/Level/UEDPIE_0_Main_Menu_Level
[2023.06.12-02.53.22:576][643]LogPlayLevel: PIE: StaticDuplicateObject took: (0.003701s)
[2023.06.12-02.53.22:577][643]LogAIModule: Creating AISystem for world Main_Menu_Level
[2023.06.12-02.53.22:577][643]LogAISub: UAISubsystem::UAISubsystem EnvQueryManager (000001203DBAD000), frame # 1643
[2023.06.12-02.53.22:577][643]LogAISub: UAISubsystem::UAISubsystem AIPerceptionSystem (000001203DD039C0), frame # 1643
[2023.06.12-02.53.22:579][643]LogPlayLevel: PIE: World Init took: (0.003017s)
[2023.06.12-02.53.22:579][643]LogPlayLevel: PIE: Created PIE world by copying editor world from /Game/Level/Main_Menu_Level.Main_Menu_Level to /Game/Level/UEDPIE_0_Main_Menu_Level.Main_Menu_Level (0.006983s)
[2023.06.12-02.53.22:595][643]LogUObjectHash: Compacting FUObjectHashTables data took   0.58ms
[2023.06.12-02.53.22:599][643]LogAudioMixer: Display: Audio Mixer Platform Settings:
[2023.06.12-02.53.22:599][643]LogAudioMixer: Display: 	Sample Rate:						  48000
[2023.06.12-02.53.22:599][643]LogAudioMixer: Display: 	Callback Buffer Frame Size Requested: 1024
[2023.06.12-02.53.22:599][643]LogAudioMixer: Display: 	Callback Buffer Frame Size To Use:	  1024
[2023.06.12-02.53.22:599][643]LogAudioMixer: Display: 	Number of buffers to queue:			  2
[2023.06.12-02.53.22:599][643]LogAudioMixer: Display: 	Max Channels (voices):				  32
[2023.06.12-02.53.22:599][643]LogAudioMixer: Display: 	Number of Async Source Workers:		  0
[2023.06.12-02.53.22:599][643]LogAudio: Display: AudioDevice MaxSources: 32
[2023.06.12-02.53.22:601][643]LogAudio: Display: Using built-in audio occlusion.
[2023.06.12-02.53.22:601][643]LogAudioMixer: Display: Initializing audio mixer.
[2023.06.12-02.53.22:607][643]LogAudioMixer: Display: 0: FrontLeft
[2023.06.12-02.53.22:607][643]LogAudioMixer: Display: 1: FrontRight
[2023.06.12-02.53.22:698][643]LogAudioMixer: Display: Using Audio Device Speaker (Realtek(R) Audio)
[2023.06.12-02.53.22:700][643]LogAudioMixer: Display: Initializing Sound Submixes...
[2023.06.12-02.53.22:700][643]LogAudioMixer: Display: Creating Master Submix 'MasterSubmixDefault'
[2023.06.12-02.53.22:701][643]LogAudioMixer: Display: Creating Master Submix 'MasterReverbSubmixDefault'
[2023.06.12-02.53.22:704][643]LogAudioMixer: Display: Creating Master Submix 'MasterEQSubmixDefault'
[2023.06.12-02.53.22:708][643]LogInit: FAudioDevice initialized.
[2023.06.12-02.53.22:734][643]LogSlate: Updating window title bar state: overlay mode, drag disabled, window buttons hidden, title bar hidden
[2023.06.12-02.53.22:763][643]LogLoad: Game class is 'FirstPersonGameMode_C'
[2023.06.12-02.53.22:766][643]LogWorld: Bringing World /Game/Level/UEDPIE_0_Main_Menu_Level.Main_Menu_Level up for play (max tick rate 0) at 2023.06.12-10.53.22
[2023.06.12-02.53.22:767][643]LogWorld: Bringing up level for play took: 0.001457
[2023.06.12-02.53.22:768][643]LogOnline: OSS: Creating online subsystem instance for: :Context_3
[2023.06.12-02.53.22:771][643]LogGameMode: FindPlayerStart: PATHS NOT DEFINED or NO PLAYERSTART with positive rating
[2023.06.12-02.53.22:784][643]LogContentBrowser: Native class hierarchy updated for 'MovieSceneCapture' in 0.0021 seconds. Added 20 classes and 0 folders.
[2023.06.12-02.53.22:891][643]PIE: Server logged in
[2023.06.12-02.53.22:893][643]PIE: Play in editor total start time 0.349 seconds.
[2023.06.12-02.53.22:935][644]LogRenderer: Reallocating scene render targets to support 1280x720 Format 10 NumSamples 1 (Frame:1).
[2023.06.12-02.53.30:907][343]LogNet: Browse: /Game/EF_Sam/Maps/Game_map_room
[2023.06.12-02.53.30:908][343]LogLoad: LoadMap: /Game/EF_Sam/Maps/Game_map_room
[2023.06.12-02.53.30:908][343]LogWorld: BeginTearingDown for /Game/Level/UEDPIE_0_Main_Menu_Level
[2023.06.12-02.53.30:913][343]LogWorld: UWorld::CleanupWorld for Main_Menu_Level, bSessionEnded=true, bCleanupResources=true
[2023.06.12-02.53.30:913][343]LogSlate: InvalidateAllWidgets triggered.  All widgets were invalidated
[2023.06.12-02.53.30:966][343]LogAISub: UAISubsystem::~UAISubsystem AIPerceptionSystem (000001203DD039C0), frame # 2343
[2023.06.12-02.53.30:966][343]LogAISub: UAISubsystem::~UAISubsystem EnvQueryManager (000001203DBAD000), frame # 2343
[2023.06.12-02.53.30:967][343]LogUObjectHash: Compacting FUObjectHashTables data took   1.06ms
[2023.06.12-02.53.30:971][343]LogPlayLevel: Creating play world package: /Game/EF_Sam/Maps/UEDPIE_0_Game_map_room
[2023.06.12-02.53.30:986][343]LogPlayLevel: PIE: StaticDuplicateObject took: (0.014537s)
[2023.06.12-02.53.30:987][343]LogAIModule: Creating AISystem for world Game_map_room
[2023.06.12-02.53.30:987][343]LogAISub: UAISubsystem::UAISubsystem EnvQueryManager (000001203DBAD000), frame # 2343
[2023.06.12-02.53.30:987][343]LogAISub: UAISubsystem::UAISubsystem AIPerceptionSystem (000001204A690CC0), frame # 2343
[2023.06.12-02.53.30:987][343]LogPlayLevel: PIE: World Init took: (0.001199s)
[2023.06.12-02.53.30:987][343]LogPlayLevel: PIE: Created PIE world by copying editor world from /Game/EF_Sam/Maps/Game_map_room.Game_map_room to /Game/EF_Sam/Maps/UEDPIE_0_Game_map_room.Game_map_room (0.016163s)
[2023.06.12-02.53.30:988][343]LogLoad: Game class is 'MyGame_C'
[2023.06.12-02.53.30:990][343]LogWorld: Bringing World /Game/EF_Sam/Maps/UEDPIE_0_Game_map_room.Game_map_room up for play (max tick rate 0) at 2023.06.12-10.53.30
[2023.06.12-02.53.30:990][343]LogWorld: Bringing up level for play took: 0.001293
[2023.06.12-02.53.31:033][343]LogLoad: Took 0.124396 seconds to LoadMap(/Game/EF_Sam/Maps/UEDPIE_0_Game_map_room)
[2023.06.12-02.53.33:011][566]LogAudioMixer: Warning: Changing default audio render device to new device: .
[2023.06.12-02.53.33:011][566]LogAudioMixer: Warning: Changing default audio render device to new device: .
[2023.06.12-02.53.33:013][566]LogTemp: Resetting audio stream to device id 
[2023.06.12-02.53.33:098][566]LogTemp: Resetting audio stream to device id 
[2023.06.12-02.53.33:128][568]LogAudioMixer: Warning: Changing default audio render device to new device: .
[2023.06.12-02.53.33:128][568]LogAudioMixer: Warning: Changing default audio render device to new device: .
[2023.06.12-02.53.33:542][610]LogAudioMixer: Warning: Changing default audio render device to new device: {0.0.0.00000000}.{c4ece7f6-455f-41aa-a995-7f966a293abd}.
[2023.06.12-02.53.33:542][610]LogAudioMixer: Warning: Changing default audio render device to new device: {0.0.0.00000000}.{c4ece7f6-455f-41aa-a995-7f966a293abd}.
[2023.06.12-02.53.33:542][610]LogTemp: Resetting audio stream to device id 
[2023.06.12-02.53.33:550][610]LogOutputDevice: Warning: 

Script Stack (0 frames):

[2023.06.12-02.53.34:176][610]LogStats: FPlatformStackWalk::StackWalkAndDump -  0.625 s
[2023.06.12-02.53.34:176][610]LogOutputDevice: Error: === Handled ensure: ===
[2023.06.12-02.53.34:176][610]LogOutputDevice: Error: 
[2023.06.12-02.53.34:176][610]LogOutputDevice: Error: Ensure condition failed: WaveFormatEx [File:D:/Build/++UE4/Sync/Engine/Source/Runtime/Windows/AudioMixerXAudio2/Private/AudioMixerPlatformXAudio2.cpp] [Line: 418]
[2023.06.12-02.53.34:176][610]LogOutputDevice: Error: 
[2023.06.12-02.53.34:176][610]LogOutputDevice: Error: Stack: 
[2023.06.12-02.53.34:176][610]LogOutputDevice: Error: [Callstack] 0x00007ffced05e3a9 UE4Editor-AudioMixerXAudio2.dll!UnknownFunction []
[2023.06.12-02.53.34:176][610]LogOutputDevice: Error: [Callstack] 0x00007ffced053dfb UE4Editor-AudioMixerXAudio2.dll!UnknownFunction []
[2023.06.12-02.53.34:176][610]LogOutputDevice: Error: [Callstack] 0x00007ffced0553d4 UE4Editor-AudioMixerXAudio2.dll!UnknownFunction []
[2023.06.12-02.53.34:176][610]LogOutputDevice: Error: [Callstack] 0x00007ffced055cc9 UE4Editor-AudioMixerXAudio2.dll!UnknownFunction []
[2023.06.12-02.53.34:176][610]LogOutputDevice: Error: [Callstack] 0x00007ffced052c51 UE4Editor-AudioMixerXAudio2.dll!UnknownFunction []
[2023.06.12-02.53.34:176][610]LogOutputDevice: Error: [Callstack] 0x00007ffd56451637 UE4Editor-AudioMixer.dll!UnknownFunction []
[2023.06.12-02.53.34:176][610]LogOutputDevice: Error: [Callstack] 0x00007ffd0e7b7f02 UE4Editor-Engine.dll!UnknownFunction []
[2023.06.12-02.53.34:176][610]LogOutputDevice: Error: [Callstack] 0x00007ffd0e7b8707 UE4Editor-Engine.dll!UnknownFunction []
[2023.06.12-02.53.34:176][610]LogOutputDevice: Error: [Callstack] 0x00007ffd0ce6b832 UE4Editor-UnrealEd.dll!UnknownFunction []
[2023.06.12-02.53.34:176][610]LogOutputDevice: Error: [Callstack] 0x00007ffd0d7437e6 UE4Editor-UnrealEd.dll!UnknownFunction []
[2023.06.12-02.53.34:176][610]LogOutputDevice: Error: [Callstack] 0x00007ff75f5c7800 UE4Editor.exe!UnknownFunction []
[2023.06.12-02.53.34:176][610]LogOutputDevice: Error: [Callstack] 0x00007ff75f5dba7c UE4Editor.exe!UnknownFunction []
[2023.06.12-02.53.34:176][610]LogOutputDevice: Error: [Callstack] 0x00007ff75f5dbb5a UE4Editor.exe!UnknownFunction []
[2023.06.12-02.53.34:176][610]LogOutputDevice: Error: [Callstack] 0x00007ff75f5ee31d UE4Editor.exe!UnknownFunction []
[2023.06.12-02.53.34:176][610]LogOutputDevice: Error: [Callstack] 0x00007ff75f5f145a UE4Editor.exe!UnknownFunction []
[2023.06.12-02.53.34:176][610]LogOutputDevice: Error: [Callstack] 0x00007ffdbba426ad KERNEL32.DLL!UnknownFunction []
[2023.06.12-02.53.34:176][610]LogOutputDevice: Error: [Callstack] 0x00007ffdbd00a9f8 ntdll.dll!UnknownFunction []
[2023.06.12-02.53.34:176][610]LogOutputDevice: Error: 
[2023.06.12-02.53.34:187][610]LogStats:                SubmitErrorReport -  0.000 s
[2023.06.12-02.53.35:697][610]LogStats:                    SendNewReport -  1.509 s
[2023.06.12-02.53.35:697][610]LogStats:             FDebug::EnsureFailed -  2.147 s
[2023.06.12-02.53.35:698][610]LogAudioMixer: Error: XAudio2 Error: Result -> 0x80004005: 無法指出的錯誤 (line: 422)
[2023.06.12-02.53.35:701][610]LogAudioMixer: Error: XAudio2 Error: XAudio2System->CreateMasteringVoice( &OutputAudioStreamMasteringVoice, AudioStreamInfo.DeviceInfo.NumChannels, AudioStreamInfo.DeviceInfo.SampleRate, 0, nullptr, nullptr, AudioCategory_GameEffects) -> 0x80070490: 元素找不到。 (line: 1179)
[2023.06.12-02.53.35:712][611]LogAudioMixer: Warning: Changing default audio render device to new device: .
[2023.06.12-02.53.35:712][611]LogTemp: Resetting audio stream to device id 
[2023.06.12-02.53.35:717][612]LogWindows: Windows GetLastError: 操作順利完成。 (0)
[2023.06.12-02.53.35:745][614]LogAudioMixer: Display: Audio Buffer Underrun detected.
[2023.06.12-02.53.46:041][615]LogAudioMixer: Warning: Changing default audio render device to new device: {0.0.0.00000000}.{afb1741f-2524-4a97-85b5-c93f658d633a}.
[2023.06.12-02.53.46:041][615]LogThreadingWindows: Error: Runnable thread AudioMixerRenderThread(1) crashed.
[2023.06.12-02.53.46:041][615]LogWindows: Error: === Critical error: ===
[2023.06.12-02.53.46:041][615]LogWindows: Error: 
[2023.06.12-02.53.46:041][615]LogWindows: Error: Assertion failed: InNum >= 4 [File:D:/Build/++UE4/Sync/Engine/Source/Runtime/SignalProcessing/Private/BufferVectorOperations.cpp] [Line: 53] 
[2023.06.12-02.53.46:041][615]LogWindows: Error: Buffer must have atleast 4 elements.
[2023.06.12-02.53.46:041][615]LogWindows: Error: 
[2023.06.12-02.53.46:041][615]LogWindows: Error: 
[2023.06.12-02.53.46:041][615]LogWindows: Error: [Callstack] 0x00007ffdba4a536c KERNELBASE.dll!UnknownFunction []
[2023.06.12-02.53.46:041][615]LogWindows: Error: [Callstack] 0x00007ffd2fb4ec66 UE4Editor-Core.dll!UnknownFunction []
[2023.06.12-02.53.46:041][615]LogWindows: Error: [Callstack] 0x00007ffd2fb52048 UE4Editor-Core.dll!UnknownFunction []
[2023.06.12-02.53.46:041][615]LogWindows: Error: [Callstack] 0x00007ffd2f8de52d UE4Editor-Core.dll!UnknownFunction []
[2023.06.12-02.53.46:041][615]LogWindows: Error: [Callstack] 0x00007ffd2f8697c5 UE4Editor-Core.dll!UnknownFunction []
[2023.06.12-02.53.46:041][615]LogWindows: Error: [Callstack] 0x00007ffd2f86bb00 UE4Editor-Core.dll!UnknownFunction []
[2023.06.12-02.53.46:041][615]LogWindows: Error: [Callstack] 0x00007ffd541f0664 UE4Editor-SignalProcessing.dll!UnknownFunction []
[2023.06.12-02.53.46:041][615]LogWindows: Error: [Callstack] 0x00007ffd6b454c20 UE4Editor-AudioMixerCore.dll!UnknownFunction []
[2023.06.12-02.53.46:041][615]LogWindows: Error: [Callstack] 0x00007ffd6b45653c UE4Editor-AudioMixerCore.dll!UnknownFunction []
[2023.06.12-02.53.46:041][615]LogWindows: Error: [Callstack] 0x00007ffd6b45639d UE4Editor-AudioMixerCore.dll!UnknownFunction []
[2023.06.12-02.53.46:041][615]LogWindows: Error: [Callstack] 0x00007ffd2fb704db UE4Editor-Core.dll!UnknownFunction []
[2023.06.12-02.53.46:041][615]LogWindows: Error: [Callstack] 0x00007ffd2fb67eb0 UE4Editor-Core.dll!UnknownFunction []
[2023.06.12-02.53.46:041][615]LogWindows: Error: [Callstack] 0x00007ffdbba426ad KERNEL32.DLL!UnknownFunction []
[2023.06.12-02.53.46:041][615]LogWindows: Error: [Callstack] 0x00007ffdbd00a9f8 ntdll.dll!UnknownFunction []
[2023.06.12-02.53.46:041][615]LogWindows: Error: 
[2023.06.12-02.53.46:041][615]LogWindows: Error: Crash in runnable thread AudioMixerRenderThread(1)
[2023.06.12-02.53.46:058][615]LogTemp: Resetting audio stream to device id 
[2023.06.12-02.53.46:063][615]LogExit: Executing StaticShutdownAfterError
[2023.06.12-02.53.46:063][615]LogAudioMixer: Display: 0: FrontLeft
[2023.06.12-02.53.46:063][615]LogAudioMixer: Display: 1: FrontRight
[2023.06.12-02.53.46:076][615]LogWindows: FPlatformMisc::RequestExit(1)
[2023.06.12-02.53.46:076][615]LogCore: Engine exit requested (reason: Win RequestExit)
[2023.06.12-02.53.46:079][615]Log file closed, 06/12/23 10:53:46
