Log file open, 06/14/23 04:51:49
LogInit: Display: Running engine for game: InventoryUIwithUMG
LogPlatformFile: Not using cached read wrapper
LogTaskGraph: Started task graph with 5 named threads and 23 total threads with 3 sets of task threads.
LogStats: Stats thread started at 0.195223
LogD3D11RHI: Loaded GFSDK_Aftermath_Lib.x64.dll
LogICUInternationalization: ICU TimeZone Detection - Raw Offset: +8:00, Platform Override: ''
LogPluginManager: Mounting plugin Paper2D
LogPluginManager: Mounting plugin AISupport
LogPluginManager: Mounting plugin LightPropagationVolume
LogPluginManager: Mounting plugin CameraShakePreviewer
LogPluginManager: Mounting plugin ActorLayerUtilities
LogPluginManager: Mounting plugin AnimationSharing
LogPluginManager: Mounting plugin CLionSourceCodeAccess
LogPluginManager: Mounting plugin CodeLiteSourceCodeAccess
LogPluginManager: Mounting plugin GitSourceControl
LogPluginManager: Mounting plugin KDevelopSourceCodeAccess
LogPluginManager: Mounting plugin NullSourceCodeAccess
LogPluginManager: Mounting plugin PerforceSourceControl
LogPluginManager: Mounting plugin PlasticSourceControl
LogPluginManager: Mounting plugin RiderSourceCodeAccess
LogPluginManager: Mounting plugin SubversionSourceControl
LogPluginManager: Mounting plugin UObjectPlugin
LogPluginManager: Mounting plugin VisualStudioCodeSourceCodeAccess
LogPluginManager: Mounting plugin VisualStudioSourceCodeAccess
LogPluginManager: Mounting plugin XCodeSourceCodeAccess
LogPluginManager: Mounting plugin AssetManagerEditor
LogPluginManager: Mounting plugin CryptoKeys
LogPluginManager: Mounting plugin CurveEditorTools
LogPluginManager: Mounting plugin DataValidation
LogPluginManager: Mounting plugin EditorScriptingUtilities
LogPluginManager: Mounting plugin FacialAnimation
LogPluginManager: Mounting plugin GameplayTagsEditor
LogPluginManager: Mounting plugin GeometryMode
LogPluginManager: Mounting plugin MacGraphicsSwitching
LogPluginManager: Mounting plugin MaterialAnalyzer
LogPluginManager: Mounting plugin MobileLauncherProfileWizard
LogPluginManager: Mounting plugin PluginBrowser
LogPluginManager: Mounting plugin SpeedTreeImporter
LogPluginManager: Mounting plugin DatasmithContent
LogPluginManager: Mounting plugin VariantManagerContent
LogPluginManager: Mounting plugin AlembicImporter
LogPluginManager: Mounting plugin AutomationUtils
LogPluginManager: Mounting plugin BackChannel
LogPluginManager: Mounting plugin ChaosCloth
LogPluginManager: Mounting plugin ChaosClothEditor
LogPluginManager: Mounting plugin ChaosEditor
LogPluginManager: Mounting plugin ChaosNiagara
LogPluginManager: Mounting plugin ChaosSolverPlugin
LogPluginManager: Mounting plugin CharacterAI
LogPluginManager: Mounting plugin GeometryCache
LogPluginManager: Mounting plugin GeometryCollectionPlugin
LogPluginManager: Mounting plugin GeometryProcessing
LogPluginManager: Mounting plugin PlanarCut
LogPluginManager: Mounting plugin PlatformCrypto
LogPluginManager: Mounting plugin ProxyLODPlugin
LogPluginManager: Mounting plugin SkeletalReduction
LogPluginManager: Mounting plugin Niagara
LogPluginManager: Mounting plugin MagicLeap
LogPluginManager: Mounting plugin MagicLeapLightEstimation
LogPluginManager: Mounting plugin MagicLeapMedia
LogPluginManager: Mounting plugin MagicLeapPassableWorld
LogPluginManager: Mounting plugin MLSDK
LogPluginManager: Mounting plugin AndroidMedia
LogPluginManager: Mounting plugin AvfMedia
LogPluginManager: Mounting plugin ImgMedia
LogPluginManager: Mounting plugin MediaCompositing
LogPluginManager: Mounting plugin MediaPlayerEditor
LogPluginManager: Mounting plugin WebMMedia
LogPluginManager: Mounting plugin WmfMedia
LogPluginManager: Mounting plugin MeshPainting
LogPluginManager: Mounting plugin TcpMessaging
LogPluginManager: Mounting plugin UdpMessaging
LogPluginManager: Mounting plugin ActorSequence
LogPluginManager: Mounting plugin LevelSequenceEditor
LogPluginManager: Mounting plugin MatineeToLevelSequence
LogPluginManager: Mounting plugin MovieRenderPipeline
LogPluginManager: Mounting plugin TemplateSequence
LogPluginManager: Mounting plugin NetcodeUnitTest
LogPluginManager: Mounting plugin NUTUnrealEngine4
LogPluginManager: Mounting plugin OnlineSubsystemGooglePlay
LogPluginManager: Mounting plugin OnlineSubsystemIOS
LogPluginManager: Mounting plugin OnlineSubsystem
LogPluginManager: Mounting plugin OnlineSubsystemNull
LogPluginManager: Mounting plugin OnlineSubsystemUtils
LogPluginManager: Mounting plugin LauncherChunkInstaller
LogPluginManager: Mounting plugin AndroidDeviceProfileSelector
LogPluginManager: Mounting plugin AndroidMoviePlayer
LogPluginManager: Mounting plugin AndroidPermission
LogPluginManager: Mounting plugin AppleImageUtils
LogPluginManager: Mounting plugin AppleMoviePlayer
LogPluginManager: Mounting plugin ArchVisCharacter
LogPluginManager: Mounting plugin AssetTags
LogPluginManager: Mounting plugin AudioCapture
LogPluginManager: Mounting plugin CableComponent
LogPluginManager: Mounting plugin CustomMeshComponent
LogPluginManager: Mounting plugin EditableMesh
LogPluginManager: Mounting plugin ExampleDeviceProfileSelector
LogPluginManager: Mounting plugin GoogleCloudMessaging
LogPluginManager: Mounting plugin GooglePAD
LogPluginManager: Mounting plugin IOSDeviceProfileSelector
LogPluginManager: Mounting plugin LinuxDeviceProfileSelector
LogPluginManager: Mounting plugin LocationServicesBPLibrary
LogPluginManager: Mounting plugin MobilePatchingUtils
LogPluginManager: Mounting plugin OculusVR
LogPluginManager: Mounting plugin PhysXVehicles
LogPluginManager: Mounting plugin PostSplashScreen
LogPluginManager: Mounting plugin ProceduralMeshComponent
LogPluginManager: Mounting plugin RuntimePhysXCooking
LogPluginManager: Mounting plugin SignificanceManager
LogPluginManager: Mounting plugin SoundFields
LogPluginManager: Mounting plugin SteamVR
LogPluginManager: Mounting plugin Synthesis
LogPluginManager: Mounting plugin WebMMoviePlayer
LogPluginManager: Mounting plugin WindowsMoviePlayer
LogPluginManager: Mounting plugin ScreenshotTools
LogInit: Using libcurl 7.55.1-DEV
LogInit:  - built for x86_64-pc-win32
LogInit:  - supports SSL with OpenSSL/1.1.1
LogInit:  - supports HTTP deflate (compression) using libz 1.2.8
LogInit:  - other features:
LogInit:      CURL_VERSION_SSL
LogInit:      CURL_VERSION_LIBZ
LogInit:      CURL_VERSION_IPV6
LogInit:      CURL_VERSION_ASYNCHDNS
LogInit:      CURL_VERSION_LARGEFILE
LogInit:      CURL_VERSION_IDN
LogInit:  CurlRequestOptions (configurable via config and command line):
LogInit:  - bVerifyPeer = true  - Libcurl will verify peer certificate
LogInit:  - bUseHttpProxy = false  - Libcurl will NOT use HTTP proxy
LogInit:  - bDontReuseConnections = false  - Libcurl will reuse connections
LogInit:  - MaxHostConnections = 16  - Libcurl will limit the number of connections to a host
LogInit:  - LocalHostAddr = Default
LogInit:  - BufferSize = 65536
LogOnline: OSS: Creating online subsystem instance for: NULL
LogInit: WinSock: version 1.1 (2.2), MaxSocks=32767, MaxUdp=65467
LogOnline: OSS: TryLoadSubsystemAndSetDefault: Loaded subsystem for module [NULL]
LogInit: Build: ++UE4+Release-4.25-CL-14469661
LogInit: Engine Version: 4.25.4-14469661+++UE4+Release-4.25
LogInit: Compatible Engine Version: 4.25.0-13144385+++UE4+Release-4.25
LogInit: Net CL: 13144385
LogInit: OS: Windows 10 (Release 2009) (), CPU: Intel(R) Core(TM) i7-1065G7 CPU @ 1.30GHz, GPU: Intel(R) Iris(R) Plus Graphics
LogInit: Compiled (64-bit): Oct 11 2020 08:10:49
LogInit: Compiled with Visual C++: 19.24.28315.00
LogInit: Build Configuration: Development
LogInit: Branch Name: ++UE4+Release-4.25
LogInit: Command Line:  -EpicPortal -epicusername=0304phoebe -epicuserid=42ef8a40cf204c5fbe652d75880c47a3 -epiclocale=zh-Hant -epicsandboxid=ue
LogInit: Base Directory: C:/Program Files/Epic Games/UE_4.25/Engine/Binaries/Win64/
LogInit: Allocator: TBB
LogInit: Installed Engine Build: 1
LogDevObjectVersion: Number of dev versions registered: 26
LogDevObjectVersion:   Dev-Blueprints (B0D832E4-1F89-4F0D-ACCF-7EB736FD4AA2): 10
LogDevObjectVersion:   Dev-Build (E1C64328-A22C-4D53-A36C-8E866417BD8C): 0
LogDevObjectVersion:   Dev-Core (375EC13C-06E4-48FB-B500-84F0262A717E): 4
LogDevObjectVersion:   Dev-Editor (E4B068ED-F494-42E9-A231-DA0B2E46BB41): 38
LogDevObjectVersion:   Dev-Framework (CFFC743F-43B0-4480-9391-14DF171D2073): 37
LogDevObjectVersion:   Dev-Mobile (B02B49B5-BB20-44E9-A304-32B752E40360): 2
LogDevObjectVersion:   Dev-Networking (A4E4105C-59A1-49B5-A7C5-40C4547EDFEE): 0
LogDevObjectVersion:   Dev-Online (39C831C9-5AE6-47DC-9A44-9C173E1C8E7C): 0
LogDevObjectVersion:   Dev-Physics (78F01B33-EBEA-4F98-B9B4-84EACCB95AA2): 4
LogDevObjectVersion:   Dev-Platform (6631380F-2D4D-43E0-8009-CF276956A95A): 0
LogDevObjectVersion:   Dev-Rendering (12F88B9F-8875-4AFC-A67C-D90C383ABD29): 43
LogDevObjectVersion:   Dev-Sequencer (7B5AE74C-D270-4C10-A958-57980B212A5A): 12
LogDevObjectVersion:   Dev-VR (D7296918-1DD6-4BDD-9DE2-64A83CC13884): 3
LogDevObjectVersion:   Dev-LoadTimes (C2A15278-BFE7-4AFE-6C17-90FF531DF755): 1
LogDevObjectVersion:   Private-Geometry (6EACA3D4-40EC-4CC1-B786-8BED09428FC5): 3
LogDevObjectVersion:   Dev-AnimPhys (29E575DD-E0A3-4627-9D10-D276232CDCEA): 17
LogDevObjectVersion:   Dev-Anim (AF43A65D-7FD3-4947-9873-3E8ED9C1BB05): 7
LogDevObjectVersion:   Dev-ReflectionCapture (6B266CEC-1EC7-4B8F-A30B-E4D90942FC07): 1
LogDevObjectVersion:   Dev-Automation (0DF73D61-A23F-47EA-B727-89E90C41499A): 1
LogDevObjectVersion:   FortniteMain (601D1886-AC64-4F84-AA16-D3DE0DEAC7D6): 31
LogDevObjectVersion:   Dev-Enterprise (9DFFBCD6-494F-0158-E221-12823C92A888): 10
LogDevObjectVersion:   Dev-Niagara (F2AED0AC-9AFE-416F-8664-AA7FFA26D6FC): 1
LogDevObjectVersion:   Dev-Destruction (174F1F0B-B4C6-45A5-B13F-2EE8D0FB917D): 10
LogDevObjectVersion:   Dev-Physics-Ext (35F94A83-E258-406C-A318-09F59610247C): 37
LogDevObjectVersion:   Dev-PhysicsMaterial-Chaos (B68FC16E-8B1B-42E2-B453-215C058844FE): 1
LogDevObjectVersion:   Dev-CineCamera (B2E18506-4273-CFC2-A54E-F4BB758BBA07): 1
LogInit: Presizing for max 25165824 objects, including 0 objects not considered by GC, pre-allocating 0 bytes for permanent pool.
LogConfig: Applying CVar settings from Section [/Script/Engine.StreamingSettings] File [C:/Users/flyox/OneDrive/文件/GitHub/UnrealProject_SceneTest/Saved/Config/Windows/Engine.ini]
LogConfig: Setting CVar [[s.MinBulkDataSizeForAsyncLoading:131072]]
LogConfig: Setting CVar [[s.AsyncLoadingThreadEnabled:0]]
LogConfig: Setting CVar [[s.EventDrivenLoaderEnabled:1]]
LogConfig: Setting CVar [[s.WarnIfTimeLimitExceeded:0]]
LogConfig: Setting CVar [[s.TimeLimitExceededMultiplier:1.5]]
LogConfig: Setting CVar [[s.TimeLimitExceededMinTime:0.005]]
LogConfig: Setting CVar [[s.UseBackgroundLevelStreaming:1]]
LogConfig: Setting CVar [[s.PriorityAsyncLoadingExtraTime:15.0]]
LogConfig: Setting CVar [[s.LevelStreamingActorsUpdateTimeLimit:5.0]]
LogConfig: Setting CVar [[s.PriorityLevelStreamingActorsUpdateExtraTime:5.0]]
LogConfig: Setting CVar [[s.LevelStreamingComponentsRegistrationGranularity:10]]
LogConfig: Setting CVar [[s.UnregisterComponentsTimeLimit:1.0]]
LogConfig: Setting CVar [[s.LevelStreamingComponentsUnregistrationGranularity:5]]
LogConfig: Setting CVar [[s.FlushStreamingOnExit:1]]
LogInit: Object subsystem initialized
LogConfig: Setting CVar [[con.DebugEarlyDefault:1]]
LogConfig: Setting CVar [[r.setres:1280x720]]
[2023.06.13-20.51.49:710][  0]LogConfig: Setting CVar [[r.VSync:0]]
[2023.06.13-20.51.49:710][  0]LogConfig: Setting CVar [[r.RHICmdBypass:0]]
[2023.06.13-20.51.49:710][  0]LogConfig: Applying CVar settings from Section [/Script/Engine.RendererSettings] File [C:/Users/flyox/OneDrive/文件/GitHub/UnrealProject_SceneTest/Saved/Config/Windows/Engine.ini]
[2023.06.13-20.51.49:710][  0]LogConfig: Setting CVar [[r.GPUCrashDebugging:0]]
[2023.06.13-20.51.49:710][  0]LogConfig: Setting CVar [[r.CustomDepth:1]]
[2023.06.13-20.51.49:710][  0]LogConfig: Applying CVar settings from Section [/Script/Engine.RendererOverrideSettings] File [C:/Users/flyox/OneDrive/文件/GitHub/UnrealProject_SceneTest/Saved/Config/Windows/Engine.ini]
[2023.06.13-20.51.49:710][  0]LogConfig: Applying CVar settings from Section [/Script/Engine.StreamingSettings] File [C:/Users/flyox/OneDrive/文件/GitHub/UnrealProject_SceneTest/Saved/Config/Windows/Engine.ini]
[2023.06.13-20.51.49:710][  0]LogConfig: Setting CVar [[s.MinBulkDataSizeForAsyncLoading:131072]]
[2023.06.13-20.51.49:710][  0]LogConfig: Setting CVar [[s.AsyncLoadingThreadEnabled:0]]
[2023.06.13-20.51.49:710][  0]LogConfig: Setting CVar [[s.EventDrivenLoaderEnabled:1]]
[2023.06.13-20.51.49:710][  0]LogConfig: Setting CVar [[s.WarnIfTimeLimitExceeded:0]]
[2023.06.13-20.51.49:710][  0]LogConfig: Setting CVar [[s.TimeLimitExceededMultiplier:1.5]]
[2023.06.13-20.51.49:710][  0]LogConfig: Setting CVar [[s.TimeLimitExceededMinTime:0.005]]
[2023.06.13-20.51.49:710][  0]LogConfig: Setting CVar [[s.UseBackgroundLevelStreaming:1]]
[2023.06.13-20.51.49:710][  0]LogConfig: Setting CVar [[s.PriorityAsyncLoadingExtraTime:15.0]]
[2023.06.13-20.51.49:710][  0]LogConfig: Setting CVar [[s.LevelStreamingActorsUpdateTimeLimit:5.0]]
[2023.06.13-20.51.49:710][  0]LogConfig: Setting CVar [[s.PriorityLevelStreamingActorsUpdateExtraTime:5.0]]
[2023.06.13-20.51.49:710][  0]LogConfig: Setting CVar [[s.LevelStreamingComponentsRegistrationGranularity:10]]
[2023.06.13-20.51.49:710][  0]LogConfig: Setting CVar [[s.UnregisterComponentsTimeLimit:1.0]]
[2023.06.13-20.51.49:710][  0]LogConfig: Setting CVar [[s.LevelStreamingComponentsUnregistrationGranularity:5]]
[2023.06.13-20.51.49:710][  0]LogConfig: Setting CVar [[s.FlushStreamingOnExit:1]]
[2023.06.13-20.51.49:710][  0]LogConfig: Applying CVar settings from Section [/Script/Engine.GarbageCollectionSettings] File [C:/Users/flyox/OneDrive/文件/GitHub/UnrealProject_SceneTest/Saved/Config/Windows/Engine.ini]
[2023.06.13-20.51.49:710][  0]LogConfig: Setting CVar [[gc.MaxObjectsNotConsideredByGC:1]]
[2023.06.13-20.51.49:710][  0]LogConfig: Setting CVar [[gc.SizeOfPermanentObjectPool:0]]
[2023.06.13-20.51.49:710][  0]LogConfig: Setting CVar [[gc.FlushStreamingOnGC:0]]
[2023.06.13-20.51.49:710][  0]LogConfig: Setting CVar [[gc.NumRetriesBeforeForcingGC:10]]
[2023.06.13-20.51.49:710][  0]LogConfig: Setting CVar [[gc.AllowParallelGC:1]]
[2023.06.13-20.51.49:710][  0]LogConfig: Setting CVar [[gc.TimeBetweenPurgingPendingKillObjects:61.1]]
[2023.06.13-20.51.49:710][  0]LogConfig: Setting CVar [[gc.MaxObjectsInEditor:25165824]]
[2023.06.13-20.51.49:710][  0]LogConfig: Setting CVar [[gc.IncrementalBeginDestroyEnabled:1]]
[2023.06.13-20.51.49:710][  0]LogConfig: Setting CVar [[gc.CreateGCClusters:1]]
[2023.06.13-20.51.49:710][  0]LogConfig: Setting CVar [[gc.MinGCClusterSize:5]]
[2023.06.13-20.51.49:710][  0]LogConfig: Setting CVar [[gc.ActorClusteringEnabled:0]]
[2023.06.13-20.51.49:710][  0]LogConfig: Setting CVar [[gc.BlueprintClusteringEnabled:0]]
[2023.06.13-20.51.49:710][  0]LogConfig: Setting CVar [[gc.UseDisregardForGCOnDedicatedServers:0]]
[2023.06.13-20.51.49:710][  0]LogConfig: Applying CVar settings from Section [/Script/Engine.NetworkSettings] File [C:/Users/flyox/OneDrive/文件/GitHub/UnrealProject_SceneTest/Saved/Config/Windows/Engine.ini]
[2023.06.13-20.51.49:710][  0]LogConfig: Applying CVar settings from Section [/Script/UnrealEd.CookerSettings] File [C:/Users/flyox/OneDrive/文件/GitHub/UnrealProject_SceneTest/Saved/Config/Windows/Engine.ini]
[2023.06.13-20.51.49:712][  0]LogConfig: Applying CVar settings from Section [ViewDistanceQuality@3] File [C:/Users/flyox/OneDrive/文件/GitHub/UnrealProject_SceneTest/Saved/Config/Windows/Scalability.ini]
[2023.06.13-20.51.49:712][  0]LogConfig: Setting CVar [[r.SkeletalMeshLODBias:0]]
[2023.06.13-20.51.49:712][  0]LogConfig: Setting CVar [[r.ViewDistanceScale:1.0]]
[2023.06.13-20.51.49:712][  0]LogConfig: Applying CVar settings from Section [AntiAliasingQuality@3] File [C:/Users/flyox/OneDrive/文件/GitHub/UnrealProject_SceneTest/Saved/Config/Windows/Scalability.ini]
[2023.06.13-20.51.49:712][  0]LogConfig: Setting CVar [[r.PostProcessAAQuality:4]]
[2023.06.13-20.51.49:712][  0]LogConfig: Applying CVar settings from Section [ShadowQuality@3] File [C:/Users/flyox/OneDrive/文件/GitHub/UnrealProject_SceneTest/Saved/Config/Windows/Scalability.ini]
[2023.06.13-20.51.49:712][  0]LogConfig: Setting CVar [[r.LightFunctionQuality:1]]
[2023.06.13-20.51.49:712][  0]LogConfig: Setting CVar [[r.ShadowQuality:5]]
[2023.06.13-20.51.49:712][  0]LogConfig: Setting CVar [[r.Shadow.CSM.MaxCascades:10]]
[2023.06.13-20.51.49:712][  0]LogConfig: Setting CVar [[r.Shadow.MaxResolution:2048]]
[2023.06.13-20.51.49:712][  0]LogConfig: Setting CVar [[r.Shadow.MaxCSMResolution:2048]]
[2023.06.13-20.51.49:712][  0]LogConfig: Setting CVar [[r.Shadow.RadiusThreshold:0.01]]
[2023.06.13-20.51.49:712][  0]LogConfig: Setting CVar [[r.Shadow.DistanceScale:1.0]]
[2023.06.13-20.51.49:712][  0]LogConfig: Setting CVar [[r.Shadow.CSM.TransitionScale:1.0]]
[2023.06.13-20.51.49:712][  0]LogConfig: Setting CVar [[r.Shadow.PreShadowResolutionFactor:1.0]]
[2023.06.13-20.51.49:712][  0]LogConfig: Setting CVar [[r.DistanceFieldShadowing:1]]
[2023.06.13-20.51.49:712][  0]LogConfig: Setting CVar [[r.DistanceFieldAO:1]]
[2023.06.13-20.51.49:712][  0]LogConfig: Setting CVar [[r.AOQuality:2]]
[2023.06.13-20.51.49:712][  0]LogConfig: Setting CVar [[r.VolumetricFog:1]]
[2023.06.13-20.51.49:712][  0]LogConfig: Setting CVar [[r.VolumetricFog.GridPixelSize:8]]
[2023.06.13-20.51.49:712][  0]LogConfig: Setting CVar [[r.VolumetricFog.GridSizeZ:128]]
[2023.06.13-20.51.49:712][  0]LogConfig: Setting CVar [[r.VolumetricFog.HistoryMissSupersampleCount:4]]
[2023.06.13-20.51.49:713][  0]LogConfig: Setting CVar [[r.LightMaxDrawDistanceScale:1]]
[2023.06.13-20.51.49:713][  0]LogConfig: Setting CVar [[r.CapsuleShadows:1]]
[2023.06.13-20.51.49:713][  0]LogConfig: Applying CVar settings from Section [PostProcessQuality@3] File [C:/Users/flyox/OneDrive/文件/GitHub/UnrealProject_SceneTest/Saved/Config/Windows/Scalability.ini]
[2023.06.13-20.51.49:713][  0]LogConfig: Setting CVar [[r.MotionBlurQuality:4]]
[2023.06.13-20.51.49:713][  0]LogConfig: Setting CVar [[r.AmbientOcclusionMipLevelFactor:0.4]]
[2023.06.13-20.51.49:713][  0]LogConfig: Setting CVar [[r.AmbientOcclusionMaxQuality:100]]
[2023.06.13-20.51.49:713][  0]LogConfig: Setting CVar [[r.AmbientOcclusionLevels:-1]]
[2023.06.13-20.51.49:713][  0]LogConfig: Setting CVar [[r.AmbientOcclusionRadiusScale:1.0]]
[2023.06.13-20.51.49:713][  0]LogConfig: Setting CVar [[r.DepthOfFieldQuality:2]]
[2023.06.13-20.51.49:713][  0]LogConfig: Setting CVar [[r.RenderTargetPoolMin:400]]
[2023.06.13-20.51.49:713][  0]LogConfig: Setting CVar [[r.LensFlareQuality:2]]
[2023.06.13-20.51.49:713][  0]LogConfig: Setting CVar [[r.SceneColorFringeQuality:1]]
[2023.06.13-20.51.49:713][  0]LogConfig: Setting CVar [[r.EyeAdaptationQuality:2]]
[2023.06.13-20.51.49:713][  0]LogConfig: Setting CVar [[r.BloomQuality:5]]
[2023.06.13-20.51.49:713][  0]LogConfig: Setting CVar [[r.FastBlurThreshold:100]]
[2023.06.13-20.51.49:713][  0]LogConfig: Setting CVar [[r.Upscale.Quality:3]]
[2023.06.13-20.51.49:713][  0]LogConfig: Setting CVar [[r.Tonemapper.GrainQuantization:1]]
[2023.06.13-20.51.49:713][  0]LogConfig: Setting CVar [[r.LightShaftQuality:1]]
[2023.06.13-20.51.49:713][  0]LogConfig: Setting CVar [[r.Filter.SizeScale:1]]
[2023.06.13-20.51.49:713][  0]LogConfig: Setting CVar [[r.Tonemapper.Quality:5]]
[2023.06.13-20.51.49:713][  0]LogConfig: Setting CVar [[r.DOF.Gather.AccumulatorQuality:1        ; higher gathering accumulator quality]]
[2023.06.13-20.51.49:713][  0]LogConfig: Setting CVar [[r.DOF.Gather.PostfilterMethod:1          ; Median3x3 postfilering method]]
[2023.06.13-20.51.49:713][  0]LogConfig: Setting CVar [[r.DOF.Gather.EnableBokehSettings:0       ; no bokeh simulation when gathering]]
[2023.06.13-20.51.49:713][  0]LogConfig: Setting CVar [[r.DOF.Gather.RingCount:4                 ; medium number of samples when gathering]]
[2023.06.13-20.51.49:713][  0]LogConfig: Setting CVar [[r.DOF.Scatter.ForegroundCompositing:1    ; additive foreground scattering]]
[2023.06.13-20.51.49:713][  0]LogConfig: Setting CVar [[r.DOF.Scatter.BackgroundCompositing:2    ; additive background scattering]]
[2023.06.13-20.51.49:713][  0]LogConfig: Setting CVar [[r.DOF.Scatter.EnableBokehSettings:1      ; bokeh simulation when scattering]]
[2023.06.13-20.51.49:713][  0]LogConfig: Setting CVar [[r.DOF.Scatter.MaxSpriteRatio:0.1         ; only a maximum of 10% of scattered bokeh]]
[2023.06.13-20.51.49:713][  0]LogConfig: Setting CVar [[r.DOF.Recombine.Quality:1                ; cheap slight out of focus]]
[2023.06.13-20.51.49:713][  0]LogConfig: Setting CVar [[r.DOF.Recombine.EnableBokehSettings:0    ; no bokeh simulation on slight out of focus]]
[2023.06.13-20.51.49:713][  0]LogConfig: Setting CVar [[r.DOF.TemporalAAQuality:1                ; more stable temporal accumulation]]
[2023.06.13-20.51.49:713][  0]LogConfig: Setting CVar [[r.DOF.Kernel.MaxForegroundRadius:0.025]]
[2023.06.13-20.51.49:713][  0]LogConfig: Setting CVar [[r.DOF.Kernel.MaxBackgroundRadius:0.025]]
[2023.06.13-20.51.49:713][  0]LogConfig: Applying CVar settings from Section [TextureQuality@3] File [C:/Users/flyox/OneDrive/文件/GitHub/UnrealProject_SceneTest/Saved/Config/Windows/Scalability.ini]
[2023.06.13-20.51.49:713][  0]LogConfig: Setting CVar [[r.Streaming.MipBias:0]]
[2023.06.13-20.51.49:713][  0]LogConfig: Setting CVar [[r.Streaming.AmortizeCPUToGPUCopy:0]]
[2023.06.13-20.51.49:713][  0]LogConfig: Setting CVar [[r.Streaming.MaxNumTexturesToStreamPerFrame:0]]
[2023.06.13-20.51.49:713][  0]LogConfig: Setting CVar [[r.Streaming.Boost:1]]
[2023.06.13-20.51.49:713][  0]LogConfig: Setting CVar [[r.MaxAnisotropy:8]]
[2023.06.13-20.51.49:713][  0]LogConfig: Setting CVar [[r.VT.MaxAnisotropy:8]]
[2023.06.13-20.51.49:713][  0]LogConfig: Setting CVar [[r.Streaming.LimitPoolSizeToVRAM:0]]
[2023.06.13-20.51.49:713][  0]LogConfig: Setting CVar [[r.Streaming.PoolSize:1000]]
[2023.06.13-20.51.49:713][  0]LogConfig: Setting CVar [[r.Streaming.MaxEffectiveScreenSize:0]]
[2023.06.13-20.51.49:713][  0]LogConfig: Applying CVar settings from Section [EffectsQuality@3] File [C:/Users/flyox/OneDrive/文件/GitHub/UnrealProject_SceneTest/Saved/Config/Windows/Scalability.ini]
[2023.06.13-20.51.49:713][  0]LogConfig: Setting CVar [[r.TranslucencyLightingVolumeDim:64]]
[2023.06.13-20.51.49:713][  0]LogConfig: Setting CVar [[r.RefractionQuality:2]]
[2023.06.13-20.51.49:713][  0]LogConfig: Setting CVar [[r.SSR.Quality:3]]
[2023.06.13-20.51.49:713][  0]LogConfig: Setting CVar [[r.SSR.HalfResSceneColor:0]]
[2023.06.13-20.51.49:713][  0]LogConfig: Setting CVar [[r.SceneColorFormat:4]]
[2023.06.13-20.51.49:713][  0]LogConfig: Setting CVar [[r.DetailMode:2]]
[2023.06.13-20.51.49:713][  0]LogConfig: Setting CVar [[r.TranslucencyVolumeBlur:1]]
[2023.06.13-20.51.49:713][  0]LogConfig: Setting CVar [[r.MaterialQualityLevel:1 ; High quality]]
[2023.06.13-20.51.49:713][  0]LogConfig: Setting CVar [[r.SSS.Scale:1]]
[2023.06.13-20.51.49:713][  0]LogConfig: Setting CVar [[r.SSS.SampleSet:2]]
[2023.06.13-20.51.49:713][  0]LogConfig: Setting CVar [[r.SSS.Quality:1]]
[2023.06.13-20.51.49:713][  0]LogConfig: Setting CVar [[r.SSS.HalfRes:0]]
[2023.06.13-20.51.49:713][  0]LogConfig: Setting CVar [[r.SSGI.Quality:3]]
[2023.06.13-20.51.49:713][  0]LogConfig: Setting CVar [[r.EmitterSpawnRateScale:1.0]]
[2023.06.13-20.51.49:713][  0]LogConfig: Setting CVar [[r.ParticleLightQuality:2]]
[2023.06.13-20.51.49:713][  0]LogConfig: Setting CVar [[r.SkyAtmosphere.AerialPerspectiveLUT.FastApplyOnOpaque:1 ; Always have FastSkyLUT 1 in this case to avoid wrong sky]]
[2023.06.13-20.51.49:713][  0]LogConfig: Setting CVar [[r.SkyAtmosphere.AerialPerspectiveLUT.SampleCountPerSlice:1]]
[2023.06.13-20.51.49:713][  0]LogConfig: Setting CVar [[r.SkyAtmosphere.AerialPerspectiveLUT.DepthResolution:16.0]]
[2023.06.13-20.51.49:713][  0]LogConfig: Setting CVar [[r.SkyAtmosphere.FastSkyLUT:1]]
[2023.06.13-20.51.49:713][  0]LogConfig: Setting CVar [[r.SkyAtmosphere.FastSkyLUT.SampleCountMin:4.0]]
[2023.06.13-20.51.49:713][  0]LogConfig: Setting CVar [[r.SkyAtmosphere.FastSkyLUT.SampleCountMax:32.0]]
[2023.06.13-20.51.49:713][  0]LogConfig: Setting CVar [[r.SkyAtmosphere.SampleCountMin:4.0]]
[2023.06.13-20.51.49:713][  0]LogConfig: Setting CVar [[r.SkyAtmosphere.SampleCountMax:32.0]]
[2023.06.13-20.51.49:713][  0]LogConfig: Setting CVar [[r.SkyAtmosphere.TransmittanceLUT.UseSmallFormat:0]]
[2023.06.13-20.51.49:713][  0]LogConfig: Setting CVar [[r.SkyAtmosphere.TransmittanceLUT.SampleCount:10.0]]
[2023.06.13-20.51.49:713][  0]LogConfig: Setting CVar [[r.SkyAtmosphere.MultiScatteringLUT.SampleCount:15.0]]
[2023.06.13-20.51.49:713][  0]LogConfig: Applying CVar settings from Section [FoliageQuality@3] File [C:/Users/flyox/OneDrive/文件/GitHub/UnrealProject_SceneTest/Saved/Config/Windows/Scalability.ini]
[2023.06.13-20.51.49:713][  0]LogConfig: Setting CVar [[foliage.DensityScale:1.0]]
[2023.06.13-20.51.49:713][  0]LogConfig: Setting CVar [[grass.DensityScale:1.0]]
[2023.06.13-20.51.49:713][  0]LogConfig: Applying CVar settings from Section [ShadingQuality@3] File [C:/Users/flyox/OneDrive/文件/GitHub/UnrealProject_SceneTest/Saved/Config/Windows/Scalability.ini]
[2023.06.13-20.51.49:713][  0]LogConfig: Setting CVar [[r.HairStrands.SkyLighting.SampleCount:16]]
[2023.06.13-20.51.49:713][  0]LogConfig: Setting CVar [[r.HairStrands.SkyLighting.JitterIntegration:0]]
[2023.06.13-20.51.49:713][  0]LogConfig: Setting CVar [[r.HairStrands.SkyAO.SampleCount:16]]
[2023.06.13-20.51.49:713][  0]LogConfig: Setting CVar [[r.HairStrands.DeepShadow.SuperSampling:0]]
[2023.06.13-20.51.49:713][  0]LogConfig: Setting CVar [[r.HairStrands.VisibilityPPLL:0]]
[2023.06.13-20.51.49:713][  0]LogConfig: Setting CVar [[r.HairStrands.RasterizationScale:0.5]]
[2023.06.13-20.51.49:713][  0]LogConfig: Setting CVar [[r.HairStrands.VelocityRasterizationScale:1]]
[2023.06.13-20.51.49:713][  0]LogInit: Selected Device Profile: [Windows]
[2023.06.13-20.51.49:713][  0]LogInit: Applying CVar settings loaded from the selected device profile: [Windows]
[2023.06.13-20.51.49:713][  0]LogHAL: Display: Platform has ~ 16 GB [16986963968 / 17179869184 / 16], which maps to Larger [LargestMinGB=32, LargerMinGB=12, DefaultMinGB=8, SmallerMinGB=6, SmallestMinGB=0)
[2023.06.13-20.51.49:713][  0]LogInit: Going up to parent DeviceProfile []
[2023.06.13-20.51.49:713][  0]LogConfig: Applying CVar settings from Section [ViewDistanceQuality@3] File [C:/Users/flyox/OneDrive/文件/GitHub/UnrealProject_SceneTest/Saved/Config/Windows/Scalability.ini]
[2023.06.13-20.51.49:713][  0]LogConfig: Setting CVar [[r.SkeletalMeshLODBias:0]]
[2023.06.13-20.51.49:713][  0]LogConfig: Setting CVar [[r.ViewDistanceScale:1.0]]
[2023.06.13-20.51.49:713][  0]LogConfig: Applying CVar settings from Section [AntiAliasingQuality@3] File [C:/Users/flyox/OneDrive/文件/GitHub/UnrealProject_SceneTest/Saved/Config/Windows/Scalability.ini]
[2023.06.13-20.51.49:713][  0]LogConfig: Setting CVar [[r.PostProcessAAQuality:4]]
[2023.06.13-20.51.49:713][  0]LogConfig: Applying CVar settings from Section [ShadowQuality@3] File [C:/Users/flyox/OneDrive/文件/GitHub/UnrealProject_SceneTest/Saved/Config/Windows/Scalability.ini]
[2023.06.13-20.51.49:713][  0]LogConfig: Setting CVar [[r.LightFunctionQuality:1]]
[2023.06.13-20.51.49:713][  0]LogConfig: Setting CVar [[r.ShadowQuality:5]]
[2023.06.13-20.51.49:713][  0]LogConfig: Setting CVar [[r.Shadow.CSM.MaxCascades:10]]
[2023.06.13-20.51.49:713][  0]LogConfig: Setting CVar [[r.Shadow.MaxResolution:2048]]
[2023.06.13-20.51.49:713][  0]LogConfig: Setting CVar [[r.Shadow.MaxCSMResolution:2048]]
[2023.06.13-20.51.49:713][  0]LogConfig: Setting CVar [[r.Shadow.RadiusThreshold:0.01]]
[2023.06.13-20.51.49:713][  0]LogConfig: Setting CVar [[r.Shadow.DistanceScale:1.0]]
[2023.06.13-20.51.49:713][  0]LogConfig: Setting CVar [[r.Shadow.CSM.TransitionScale:1.0]]
[2023.06.13-20.51.49:713][  0]LogConfig: Setting CVar [[r.Shadow.PreShadowResolutionFactor:1.0]]
[2023.06.13-20.51.49:713][  0]LogConfig: Setting CVar [[r.DistanceFieldShadowing:1]]
[2023.06.13-20.51.49:713][  0]LogConfig: Setting CVar [[r.DistanceFieldAO:1]]
[2023.06.13-20.51.49:713][  0]LogConfig: Setting CVar [[r.AOQuality:2]]
[2023.06.13-20.51.49:713][  0]LogConfig: Setting CVar [[r.VolumetricFog:1]]
[2023.06.13-20.51.49:713][  0]LogConfig: Setting CVar [[r.VolumetricFog.GridPixelSize:8]]
[2023.06.13-20.51.49:713][  0]LogConfig: Setting CVar [[r.VolumetricFog.GridSizeZ:128]]
[2023.06.13-20.51.49:713][  0]LogConfig: Setting CVar [[r.VolumetricFog.HistoryMissSupersampleCount:4]]
[2023.06.13-20.51.49:714][  0]LogConfig: Setting CVar [[r.LightMaxDrawDistanceScale:1]]
[2023.06.13-20.51.49:714][  0]LogConfig: Setting CVar [[r.CapsuleShadows:1]]
[2023.06.13-20.51.49:714][  0]LogConfig: Applying CVar settings from Section [PostProcessQuality@3] File [C:/Users/flyox/OneDrive/文件/GitHub/UnrealProject_SceneTest/Saved/Config/Windows/Scalability.ini]
[2023.06.13-20.51.49:714][  0]LogConfig: Setting CVar [[r.MotionBlurQuality:4]]
[2023.06.13-20.51.49:714][  0]LogConfig: Setting CVar [[r.AmbientOcclusionMipLevelFactor:0.4]]
[2023.06.13-20.51.49:714][  0]LogConfig: Setting CVar [[r.AmbientOcclusionMaxQuality:100]]
[2023.06.13-20.51.49:714][  0]LogConfig: Setting CVar [[r.AmbientOcclusionLevels:-1]]
[2023.06.13-20.51.49:714][  0]LogConfig: Setting CVar [[r.AmbientOcclusionRadiusScale:1.0]]
[2023.06.13-20.51.49:714][  0]LogConfig: Setting CVar [[r.DepthOfFieldQuality:2]]
[2023.06.13-20.51.49:714][  0]LogConfig: Setting CVar [[r.RenderTargetPoolMin:400]]
[2023.06.13-20.51.49:714][  0]LogConfig: Setting CVar [[r.LensFlareQuality:2]]
[2023.06.13-20.51.49:714][  0]LogConfig: Setting CVar [[r.SceneColorFringeQuality:1]]
[2023.06.13-20.51.49:714][  0]LogConfig: Setting CVar [[r.EyeAdaptationQuality:2]]
[2023.06.13-20.51.49:714][  0]LogConfig: Setting CVar [[r.BloomQuality:5]]
[2023.06.13-20.51.49:714][  0]LogConfig: Setting CVar [[r.FastBlurThreshold:100]]
[2023.06.13-20.51.49:714][  0]LogConfig: Setting CVar [[r.Upscale.Quality:3]]
[2023.06.13-20.51.49:714][  0]LogConfig: Setting CVar [[r.Tonemapper.GrainQuantization:1]]
[2023.06.13-20.51.49:714][  0]LogConfig: Setting CVar [[r.LightShaftQuality:1]]
[2023.06.13-20.51.49:714][  0]LogConfig: Setting CVar [[r.Filter.SizeScale:1]]
[2023.06.13-20.51.49:714][  0]LogConfig: Setting CVar [[r.Tonemapper.Quality:5]]
[2023.06.13-20.51.49:714][  0]LogConfig: Setting CVar [[r.DOF.Gather.AccumulatorQuality:1        ; higher gathering accumulator quality]]
[2023.06.13-20.51.49:714][  0]LogConfig: Setting CVar [[r.DOF.Gather.PostfilterMethod:1          ; Median3x3 postfilering method]]
[2023.06.13-20.51.49:714][  0]LogConfig: Setting CVar [[r.DOF.Gather.EnableBokehSettings:0       ; no bokeh simulation when gathering]]
[2023.06.13-20.51.49:714][  0]LogConfig: Setting CVar [[r.DOF.Gather.RingCount:4                 ; medium number of samples when gathering]]
[2023.06.13-20.51.49:714][  0]LogConfig: Setting CVar [[r.DOF.Scatter.ForegroundCompositing:1    ; additive foreground scattering]]
[2023.06.13-20.51.49:714][  0]LogConfig: Setting CVar [[r.DOF.Scatter.BackgroundCompositing:2    ; additive background scattering]]
[2023.06.13-20.51.49:714][  0]LogConfig: Setting CVar [[r.DOF.Scatter.EnableBokehSettings:1      ; bokeh simulation when scattering]]
[2023.06.13-20.51.49:714][  0]LogConfig: Setting CVar [[r.DOF.Scatter.MaxSpriteRatio:0.1         ; only a maximum of 10% of scattered bokeh]]
[2023.06.13-20.51.49:714][  0]LogConfig: Setting CVar [[r.DOF.Recombine.Quality:1                ; cheap slight out of focus]]
[2023.06.13-20.51.49:714][  0]LogConfig: Setting CVar [[r.DOF.Recombine.EnableBokehSettings:0    ; no bokeh simulation on slight out of focus]]
[2023.06.13-20.51.49:714][  0]LogConfig: Setting CVar [[r.DOF.TemporalAAQuality:1                ; more stable temporal accumulation]]
[2023.06.13-20.51.49:714][  0]LogConfig: Setting CVar [[r.DOF.Kernel.MaxForegroundRadius:0.025]]
[2023.06.13-20.51.49:714][  0]LogConfig: Setting CVar [[r.DOF.Kernel.MaxBackgroundRadius:0.025]]
[2023.06.13-20.51.49:714][  0]LogConfig: Applying CVar settings from Section [TextureQuality@3] File [C:/Users/flyox/OneDrive/文件/GitHub/UnrealProject_SceneTest/Saved/Config/Windows/Scalability.ini]
[2023.06.13-20.51.49:714][  0]LogConfig: Setting CVar [[r.Streaming.MipBias:0]]
[2023.06.13-20.51.49:714][  0]LogConfig: Setting CVar [[r.Streaming.AmortizeCPUToGPUCopy:0]]
[2023.06.13-20.51.49:714][  0]LogConfig: Setting CVar [[r.Streaming.MaxNumTexturesToStreamPerFrame:0]]
[2023.06.13-20.51.49:714][  0]LogConfig: Setting CVar [[r.Streaming.Boost:1]]
[2023.06.13-20.51.49:714][  0]LogConfig: Setting CVar [[r.MaxAnisotropy:8]]
[2023.06.13-20.51.49:714][  0]LogConfig: Setting CVar [[r.VT.MaxAnisotropy:8]]
[2023.06.13-20.51.49:714][  0]LogConfig: Setting CVar [[r.Streaming.LimitPoolSizeToVRAM:0]]
[2023.06.13-20.51.49:714][  0]LogConfig: Setting CVar [[r.Streaming.PoolSize:1000]]
[2023.06.13-20.51.49:714][  0]LogConfig: Setting CVar [[r.Streaming.MaxEffectiveScreenSize:0]]
[2023.06.13-20.51.49:714][  0]LogConfig: Applying CVar settings from Section [EffectsQuality@3] File [C:/Users/flyox/OneDrive/文件/GitHub/UnrealProject_SceneTest/Saved/Config/Windows/Scalability.ini]
[2023.06.13-20.51.49:714][  0]LogConfig: Setting CVar [[r.TranslucencyLightingVolumeDim:64]]
[2023.06.13-20.51.49:714][  0]LogConfig: Setting CVar [[r.RefractionQuality:2]]
[2023.06.13-20.51.49:714][  0]LogConfig: Setting CVar [[r.SSR.Quality:3]]
[2023.06.13-20.51.49:714][  0]LogConfig: Setting CVar [[r.SSR.HalfResSceneColor:0]]
[2023.06.13-20.51.49:714][  0]LogConfig: Setting CVar [[r.SceneColorFormat:4]]
[2023.06.13-20.51.49:714][  0]LogConfig: Setting CVar [[r.DetailMode:2]]
[2023.06.13-20.51.49:714][  0]LogConfig: Setting CVar [[r.TranslucencyVolumeBlur:1]]
[2023.06.13-20.51.49:714][  0]LogConfig: Setting CVar [[r.MaterialQualityLevel:1 ; High quality]]
[2023.06.13-20.51.49:714][  0]LogConfig: Setting CVar [[r.SSS.Scale:1]]
[2023.06.13-20.51.49:714][  0]LogConfig: Setting CVar [[r.SSS.SampleSet:2]]
[2023.06.13-20.51.49:714][  0]LogConfig: Setting CVar [[r.SSS.Quality:1]]
[2023.06.13-20.51.49:714][  0]LogConfig: Setting CVar [[r.SSS.HalfRes:0]]
[2023.06.13-20.51.49:714][  0]LogConfig: Setting CVar [[r.SSGI.Quality:3]]
[2023.06.13-20.51.49:714][  0]LogConfig: Setting CVar [[r.EmitterSpawnRateScale:1.0]]
[2023.06.13-20.51.49:714][  0]LogConfig: Setting CVar [[r.ParticleLightQuality:2]]
[2023.06.13-20.51.49:714][  0]LogConfig: Setting CVar [[r.SkyAtmosphere.AerialPerspectiveLUT.FastApplyOnOpaque:1 ; Always have FastSkyLUT 1 in this case to avoid wrong sky]]
[2023.06.13-20.51.49:714][  0]LogConfig: Setting CVar [[r.SkyAtmosphere.AerialPerspectiveLUT.SampleCountPerSlice:1]]
[2023.06.13-20.51.49:714][  0]LogConfig: Setting CVar [[r.SkyAtmosphere.AerialPerspectiveLUT.DepthResolution:16.0]]
[2023.06.13-20.51.49:714][  0]LogConfig: Setting CVar [[r.SkyAtmosphere.FastSkyLUT:1]]
[2023.06.13-20.51.49:714][  0]LogConfig: Setting CVar [[r.SkyAtmosphere.FastSkyLUT.SampleCountMin:4.0]]
[2023.06.13-20.51.49:714][  0]LogConfig: Setting CVar [[r.SkyAtmosphere.FastSkyLUT.SampleCountMax:32.0]]
[2023.06.13-20.51.49:714][  0]LogConfig: Setting CVar [[r.SkyAtmosphere.SampleCountMin:4.0]]
[2023.06.13-20.51.49:714][  0]LogConfig: Setting CVar [[r.SkyAtmosphere.SampleCountMax:32.0]]
[2023.06.13-20.51.49:714][  0]LogConfig: Setting CVar [[r.SkyAtmosphere.TransmittanceLUT.UseSmallFormat:0]]
[2023.06.13-20.51.49:714][  0]LogConfig: Setting CVar [[r.SkyAtmosphere.TransmittanceLUT.SampleCount:10.0]]
[2023.06.13-20.51.49:714][  0]LogConfig: Setting CVar [[r.SkyAtmosphere.MultiScatteringLUT.SampleCount:15.0]]
[2023.06.13-20.51.49:714][  0]LogConfig: Applying CVar settings from Section [FoliageQuality@3] File [C:/Users/flyox/OneDrive/文件/GitHub/UnrealProject_SceneTest/Saved/Config/Windows/Scalability.ini]
[2023.06.13-20.51.49:714][  0]LogConfig: Setting CVar [[foliage.DensityScale:1.0]]
[2023.06.13-20.51.49:714][  0]LogConfig: Setting CVar [[grass.DensityScale:1.0]]
[2023.06.13-20.51.49:714][  0]LogConfig: Applying CVar settings from Section [ShadingQuality@3] File [C:/Users/flyox/OneDrive/文件/GitHub/UnrealProject_SceneTest/Saved/Config/Windows/Scalability.ini]
[2023.06.13-20.51.49:714][  0]LogConfig: Setting CVar [[r.HairStrands.SkyLighting.SampleCount:16]]
[2023.06.13-20.51.49:714][  0]LogConfig: Setting CVar [[r.HairStrands.SkyLighting.JitterIntegration:0]]
[2023.06.13-20.51.49:714][  0]LogConfig: Setting CVar [[r.HairStrands.SkyAO.SampleCount:16]]
[2023.06.13-20.51.49:714][  0]LogConfig: Setting CVar [[r.HairStrands.DeepShadow.SuperSampling:0]]
[2023.06.13-20.51.49:714][  0]LogConfig: Setting CVar [[r.HairStrands.VisibilityPPLL:0]]
[2023.06.13-20.51.49:714][  0]LogConfig: Setting CVar [[r.HairStrands.RasterizationScale:0.5]]
[2023.06.13-20.51.49:714][  0]LogConfig: Setting CVar [[r.HairStrands.VelocityRasterizationScale:1]]
[2023.06.13-20.51.49:714][  0]LogConfig: Applying CVar settings from Section [Startup] File [../../../Engine/Config/ConsoleVariables.ini]
[2023.06.13-20.51.49:714][  0]LogConfig: Setting CVar [[net.UseAdaptiveNetUpdateFrequency:0]]
[2023.06.13-20.51.49:714][  0]LogConfig: Setting CVar [[p.chaos.AllowCreatePhysxBodies:1]]
[2023.06.13-20.51.49:714][  0]LogConfig: Setting CVar [[fx.SkipVectorVMBackendOptimizations:1]]
[2023.06.13-20.51.49:714][  0]LogConfig: Applying CVar settings from Section [ConsoleVariables] File [C:/Users/flyox/OneDrive/文件/GitHub/UnrealProject_SceneTest/Saved/Config/Windows/Engine.ini]
[2023.06.13-20.51.49:715][  0]LogInit: Computer: LEESRAZER
[2023.06.13-20.51.49:715][  0]LogInit: User: flyox
[2023.06.13-20.51.49:715][  0]LogInit: CPU Page size=4096, Cores=4
[2023.06.13-20.51.49:715][  0]LogInit: High frequency timer resolution =10.000000 MHz
[2023.06.13-20.51.49:715][  0]LogMemory: Memory total: Physical=15.8GB (16GB approx)
[2023.06.13-20.51.49:715][  0]LogMemory: Platform Memory Stats for Windows
[2023.06.13-20.51.49:715][  0]LogMemory: Process Physical Memory: 116.39 MB used, 116.39 MB peak
[2023.06.13-20.51.49:715][  0]LogMemory: Process Virtual Memory: 103.39 MB used, 103.39 MB peak
[2023.06.13-20.51.49:715][  0]LogMemory: Physical Memory: 7736.62 MB used,  8463.41 MB free, 16200.03 MB total
[2023.06.13-20.51.49:715][  0]LogMemory: Virtual Memory: 5159.31 MB used,  134212568.00 MB free, 134217728.00 MB total
[2023.06.13-20.51.49:720][  0]LogWindows: WindowsPlatformFeatures enabled
[2023.06.13-20.51.49:746][  0]LogInit: Physics initialised using underlying interface: PhysX
[2023.06.13-20.51.49:747][  0]LogInit: Using OS detected language (zh-TW).
[2023.06.13-20.51.49:747][  0]LogInit: Using OS detected locale (zh-TW).
[2023.06.13-20.51.49:748][  0]LogTextLocalizationManager: No localization for 'zh-TW' exists, so 'en' will be used for the language.
[2023.06.13-20.51.49:890][  0]LogInit: Setting process to per monitor DPI aware
[2023.06.13-20.51.49:927][  0]LogSlate: New Slate User Created.  User Index 0, Is Virtual User: 0
[2023.06.13-20.51.49:927][  0]LogSlate: Slate User Registered.  User Index 0, Is Virtual User: 0
[2023.06.13-20.51.50:078][  0]LogHMD: Failed to initialize OpenVR with code 110
[2023.06.13-20.51.50:078][  0]LogD3D11RHI: D3D11 min allowed feature level: 11_0
[2023.06.13-20.51.50:078][  0]LogD3D11RHI: D3D11 max allowed feature level: 11_0
[2023.06.13-20.51.50:078][  0]LogD3D11RHI: D3D11 adapters:
[2023.06.13-20.51.50:194][  0]LogD3D11RHI:    0. 'NVIDIA GeForce GTX 1650 with Max-Q Design' (Feature Level 11_0)
[2023.06.13-20.51.50:194][  0]LogD3D11RHI:       3949/0/8100 MB DedicatedVideo/DedicatedSystem/SharedSystem, Outputs:1, VendorId:0x10de
[2023.06.13-20.51.50:228][  0]LogD3D11RHI:    1. 'Intel(R) Iris(R) Plus Graphics' (Feature Level 11_0)
[2023.06.13-20.51.50:228][  0]LogD3D11RHI:       128/0/8100 MB DedicatedVideo/DedicatedSystem/SharedSystem, Outputs:0, VendorId:0x8086
[2023.06.13-20.51.50:230][  0]LogD3D11RHI:    2. 'Microsoft Basic Render Driver' (Feature Level 11_0)
[2023.06.13-20.51.50:230][  0]LogD3D11RHI:       0/0/8100 MB DedicatedVideo/DedicatedSystem/SharedSystem, Outputs:0, VendorId:0x1414
[2023.06.13-20.51.50:230][  0]LogD3D11RHI: Chosen D3D11 Adapter: 0
[2023.06.13-20.51.50:235][  0]LogD3D11RHI: Creating new Direct3DDevice
[2023.06.13-20.51.50:235][  0]LogD3D11RHI:     GPU DeviceId: 0x1f91 (for the marketing name, search the web for "GPU Device Id")
[2023.06.13-20.51.50:235][  0]LogWindows: EnumDisplayDevices:
[2023.06.13-20.51.50:235][  0]LogWindows:    0. 'Intel(R) Iris(R) Plus Graphics' (P:1 D:1)
[2023.06.13-20.51.50:235][  0]LogWindows:    1. 'Intel(R) Iris(R) Plus Graphics' (P:0 D:0)
[2023.06.13-20.51.50:235][  0]LogWindows:    2. 'Intel(R) Iris(R) Plus Graphics' (P:0 D:0)
[2023.06.13-20.51.50:235][  0]LogWindows: DebugString: PrimaryIsNotTheChoosenAdapter PrimaryIsNotTheChoosenAdapter PrimaryIsNotTheChoosenAdapter FoundDriverCount:0 
[2023.06.13-20.51.50:235][  0]LogD3D11RHI:     Adapter Name: NVIDIA GeForce GTX 1650 with Max-Q Design
[2023.06.13-20.51.50:235][  0]LogD3D11RHI:   Driver Version: Unknown (internal:Unknown, unified:Unknown)
[2023.06.13-20.51.50:235][  0]LogD3D11RHI:      Driver Date: Unknown
[2023.06.13-20.51.50:235][  0]LogRHI: Texture pool is 2764 MB (70% of 3949 MB)
[2023.06.13-20.51.50:297][  0]LogD3D11RHI: RHI has support for 64 bit atomics
[2023.06.13-20.51.50:297][  0]LogD3D11RHI: Async texture creation enabled
[2023.06.13-20.51.50:297][  0]LogD3D11RHI: Array index from any shader is supported
[2023.06.13-20.51.50:314][  0]LogD3D11RHI: GPU Timing Frequency: 1000.000000 (Debug: 2 2)
[2023.06.13-20.51.50:558][  0]LogTargetPlatformManager: Display: Loaded TargetPlatform 'AllDesktop'
[2023.06.13-20.51.50:577][  0]LogTargetPlatformManager: Display: Loaded TargetPlatform 'Android'
[2023.06.13-20.51.50:577][  0]LogTargetPlatformManager: Display: Loaded TargetPlatform 'Android_ASTC'
[2023.06.13-20.51.50:577][  0]LogTargetPlatformManager: Display: Loaded TargetPlatform 'Android_DXT'
[2023.06.13-20.51.50:577][  0]LogTargetPlatformManager: Display: Loaded TargetPlatform 'Android_ETC2'
[2023.06.13-20.51.50:577][  0]LogTargetPlatformManager: Display: Loaded TargetPlatform 'AndroidClient'
[2023.06.13-20.51.50:577][  0]LogTargetPlatformManager: Display: Loaded TargetPlatform 'Android_ASTCClient'
[2023.06.13-20.51.50:577][  0]LogTargetPlatformManager: Display: Loaded TargetPlatform 'Android_DXTClient'
[2023.06.13-20.51.50:577][  0]LogTargetPlatformManager: Display: Loaded TargetPlatform 'Android_ETC2Client'
[2023.06.13-20.51.50:577][  0]LogTargetPlatformManager: Display: Loaded TargetPlatform 'Android_Multi'
[2023.06.13-20.51.50:578][  0]LogTargetPlatformManager: Display: Loaded TargetPlatform 'Android_MultiClient'
[2023.06.13-20.51.50:599][  0]LogTargetPlatformManager: Display: Loaded TargetPlatform 'IOSClient'
[2023.06.13-20.51.50:599][  0]LogTargetPlatformManager: Display: Loaded TargetPlatform 'IOS'
[2023.06.13-20.51.50:609][  0]LogTargetPlatformManager: Display: Loaded TargetPlatform 'Linux'
[2023.06.13-20.51.50:617][  0]LogTargetPlatformManager: Display: Loaded TargetPlatform 'LinuxNoEditor'
[2023.06.13-20.51.50:626][  0]LogTargetPlatformManager: Display: Loaded TargetPlatform 'LinuxClient'
[2023.06.13-20.51.50:634][  0]LogTargetPlatformManager: Display: Loaded TargetPlatform 'LinuxServer'
[2023.06.13-20.51.50:643][  0]LogTargetPlatformManager: Display: Loaded TargetPlatform 'LinuxAArch64NoEditor'
[2023.06.13-20.51.50:651][  0]LogTargetPlatformManager: Display: Loaded TargetPlatform 'LinuxAArch64Client'
[2023.06.13-20.51.50:660][  0]LogTargetPlatformManager: Display: Loaded TargetPlatform 'LinuxAArch64Server'
[2023.06.13-20.51.50:682][  0]LogTargetPlatformManager: Display: Loaded TargetPlatform 'Lumin'
[2023.06.13-20.51.50:682][  0]LogTargetPlatformManager: Display: Loaded TargetPlatform 'LuminClient'
[2023.06.13-20.51.50:696][  0]LogTargetPlatformManager: Display: Loaded TargetPlatform 'TVOSClient'
[2023.06.13-20.51.50:696][  0]LogTargetPlatformManager: Display: Loaded TargetPlatform 'TVOS'
[2023.06.13-20.51.50:705][  0]LogTargetPlatformManager: Display: Loaded TargetPlatform 'WindowsNoEditor'
[2023.06.13-20.51.50:715][  0]LogTargetPlatformManager: Display: Loaded TargetPlatform 'Windows'
[2023.06.13-20.51.50:725][  0]LogTargetPlatformManager: Display: Loaded TargetPlatform 'WindowsClient'
[2023.06.13-20.51.50:733][  0]LogTargetPlatformManager: Display: Loaded TargetPlatform 'WindowsServer'
[2023.06.13-20.51.50:733][  0]LogTargetPlatformManager: Display: Building Assets For Windows
[2023.06.13-20.51.50:741][  0]LogAudioDebug: Display: Lib vorbis DLL was dynamically loaded.
[2023.06.13-20.51.50:801][  0]LogShaderCompilers: Guid format shader working directory is -26 characters bigger than the processId version (../../../../../../Users/flyox/OneDrive/文件/GitHub/UnrealProject_SceneTest/Intermediate/Shaders/WorkingDirectory/4896/).
[2023.06.13-20.51.50:801][  0]LogShaderCompilers: Cleaned the shader compiler working directory 'C:/Users/flyox/AppData/Local/Temp/UnrealShaderWorkingDir/59CBCAE3476085919F56EB839A7EAAA7/'.
[2023.06.13-20.51.50:802][  0]LogXGEController: Cannot use XGE Controller as Incredibuild is not installed on this machine.
[2023.06.13-20.51.50:802][  0]LogShaderCompilers: Cannot use XGE Shader Compiler as Incredibuild is not installed on this machine.
[2023.06.13-20.51.50:802][  0]LogShaderCompilers: Display: Using Local Shader Compiler.
[2023.06.13-20.51.51:675][  0]LogDerivedDataCache: Display: Max Cache Size: 512 MB
[2023.06.13-20.51.51:720][  0]LogDerivedDataCache: Loaded boot cache 0.04s 75MB C:/Users/flyox/AppData/Local/UnrealEngine/4.25/DerivedDataCache/Boot.ddc.
[2023.06.13-20.51.51:720][  0]LogDerivedDataCache: Display: Loaded Boot cache: C:/Users/flyox/AppData/Local/UnrealEngine/4.25/DerivedDataCache/Boot.ddc
[2023.06.13-20.51.51:721][  0]LogDerivedDataCache: FDerivedDataBackendGraph:  Pak pak cache file ../../../../../../Users/flyox/OneDrive/文件/GitHub/UnrealProject_SceneTest/DerivedDataCache/DDC.ddp not found, will not use a pak cache.
[2023.06.13-20.51.51:721][  0]LogDerivedDataCache: Unable to find inner node Pak for hierarchical cache Hierarchy.
[2023.06.13-20.51.51:721][  0]LogDerivedDataCache: FDerivedDataBackendGraph:  CompressedPak pak cache file ../../../../../../Users/flyox/OneDrive/文件/GitHub/UnrealProject_SceneTest/DerivedDataCache/Compressed.ddp not found, will not use a pak cache.
[2023.06.13-20.51.51:721][  0]LogDerivedDataCache: Unable to find inner node CompressedPak for hierarchical cache Hierarchy.
[2023.06.13-20.51.51:732][  0]LogDerivedDataCache: Display: Pak cache opened for reading ../../../Engine/DerivedDataCache/Compressed.ddp.
[2023.06.13-20.51.51:732][  0]LogDerivedDataCache: FDerivedDataBackendGraph:  EnterprisePak pak cache file ../../../Enterprise/DerivedDataCache/Compressed.ddp not found, will not use a pak cache.
[2023.06.13-20.51.51:732][  0]LogDerivedDataCache: Unable to find inner node EnterprisePak for hierarchical cache Hierarchy.
[2023.06.13-20.51.51:733][  0]LogDerivedDataCache: Using Local data cache path C:/Users/flyox/AppData/Local/UnrealEngine/Common/DerivedDataCache: Writable
[2023.06.13-20.51.51:733][  0]LogDerivedDataCache: Shared data cache path not found in *engine.ini, will not use an Shared cache.
[2023.06.13-20.51.51:733][  0]LogDerivedDataCache: Unable to find inner node Shared for hierarchical cache Hierarchy.
[2023.06.13-20.51.51:785][  0]LogSlate: Using FreeType 2.10.0
[2023.06.13-20.51.51:786][  0]LogSlate: SlateFontServices - WITH_FREETYPE: 1, WITH_HARFBUZZ: 1
[2023.06.13-20.51.51:811][  0]LogAssetRegistry: FAssetRegistry took 0.0024 seconds to start up
[2023.06.13-20.51.52:075][  0]LogInit: Selected Device Profile: [Windows]
[2023.06.13-20.51.52:233][  0]LogMeshReduction: Using QuadricMeshReduction for automatic static mesh reduction
[2023.06.13-20.51.52:233][  0]LogMeshReduction: Using SimplygonMeshReduction for automatic skeletal mesh reduction
[2023.06.13-20.51.52:233][  0]LogMeshReduction: Using ProxyLODMeshReduction for automatic mesh merging
[2023.06.13-20.51.52:233][  0]LogMeshReduction: No distributed automatic mesh merging module available
[2023.06.13-20.51.52:233][  0]LogMeshMerging: No distributed automatic mesh merging module available
[2023.06.13-20.51.52:251][  0]LogNetVersion: InventoryUIwithUMG 1.0.0, NetCL: 13144385, EngineNetVer: 14, GameNetVer: 0 (Checksum: 536782954)
[2023.06.13-20.51.52:938][  0]LogAISub: UAISubsystem::UAISubsystem AISubsystem (000001AF21F65B40), frame # 0
[2023.06.13-20.51.52:938][  0]LogAISub: UAISubsystem::UAISubsystem AIPerceptionSystem (000001AF21EAAAC0), frame # 0
[2023.06.13-20.51.52:941][  0]LogAISub: UAISubsystem::UAISubsystem EnvQueryManager (000001AF21F28800), frame # 0
[2023.06.13-20.51.53:006][  0]LogPackageLocalizationCache: Processed 19 localized package path(s) for 1 prioritized culture(s) in 0.055549 seconds
[2023.06.13-20.51.53:015][  0]LogUObjectArray: 15917 objects as part of root set at end of initial load.
[2023.06.13-20.51.53:015][  0]LogUObjectAllocator: 3965568 out of 0 bytes used by permanent object pool.
[2023.06.13-20.51.53:015][  0]LogUObjectArray: CloseDisregardForGC: 0/0 objects in disregard for GC pool
[2023.06.13-20.51.53:556][  0]LogTcpMessaging: Initializing TcpMessaging bridge
[2023.06.13-20.51.53:563][  0]LogUdpMessaging: Initializing bridge on interface 0.0.0.0:0 to multicast group 230.0.0.1:6666.
[2023.06.13-20.51.53:720][  0]SourceControl: Source control is disabled
[2023.06.13-20.51.53:720][  0]SourceControl: Source control is disabled
[2023.06.13-20.51.53:725][  0]SourceControl: Source control is disabled
[2023.06.13-20.51.53:730][  0]SourceControl: Source control is disabled
[2023.06.13-20.51.53:738][  0]SourceControl: Source control is disabled
[2023.06.13-20.51.53:758][  0]LogVSAccessor: Display: Unable to create Visual Studio setup instance: 80040154
[2023.06.13-20.51.53:759][  0]LogVSAccessor: Display: Unable to create Visual Studio setup instance: 80040154
[2023.06.13-20.51.54:074][  0]LogAndroidPermission: UAndroidPermissionCallbackProxy::GetInstance
[2023.06.13-20.51.54:100][  0]LogAudioCaptureCore: Display: No Audio Capture implementations found. Audio input will be silent.
[2023.06.13-20.51.54:100][  0]LogAudioCaptureCore: Display: No Audio Capture implementations found. Audio input will be silent.
[2023.06.13-20.51.54:160][  0]LogOcInput: OculusInput pre-init called
[2023.06.13-20.51.54:173][  0]LogWindows: Failed to load 'OVRPlugin.dll' (GetLastError=126)
[2023.06.13-20.51.54:173][  0]LogWindows: File 'OVRPlugin.dll' does not exist
[2023.06.13-20.51.54:246][  0]LogEngine: Initializing Engine...
[2023.06.13-20.51.54:247][  0]LogHMD: Failed to initialize OpenVR with code 110
[2023.06.13-20.51.54:247][  0]LogMagicLeap: Warning: VR disabled because ZI is not enabled.  To enable, in the editor, Edit -> Project Settings -> Plugins -> Magic Leap Plugin -> Enable Zero Iteration
[2023.06.13-20.51.54:248][  0]LogStats: UGameplayTagsManager::InitializeManager -  0.000 s
[2023.06.13-20.51.54:401][  0]LogInit: Initializing FReadOnlyCVARCache
[2023.06.13-20.51.54:410][  0]LogAIModule: Creating AISystem for world Untitled
[2023.06.13-20.51.54:410][  0]LogAISub: UAISubsystem::UAISubsystem EnvQueryManager (000001AF2A1CD200), frame # 0
[2023.06.13-20.51.54:410][  0]LogAISub: UAISubsystem::UAISubsystem AIPerceptionSystem (000001AF2A1E5D00), frame # 0
[2023.06.13-20.51.54:416][  0]LogAudioMixer: Display: Audio Mixer Platform Settings:
[2023.06.13-20.51.54:416][  0]LogAudioMixer: Display: 	Sample Rate:						  48000
[2023.06.13-20.51.54:416][  0]LogAudioMixer: Display: 	Callback Buffer Frame Size Requested: 1024
[2023.06.13-20.51.54:416][  0]LogAudioMixer: Display: 	Callback Buffer Frame Size To Use:	  1024
[2023.06.13-20.51.54:416][  0]LogAudioMixer: Display: 	Number of buffers to queue:			  2
[2023.06.13-20.51.54:416][  0]LogAudioMixer: Display: 	Max Channels (voices):				  32
[2023.06.13-20.51.54:416][  0]LogAudioMixer: Display: 	Number of Async Source Workers:		  0
[2023.06.13-20.51.54:416][  0]LogAudio: Display: AudioDevice MaxSources: 32
[2023.06.13-20.51.54:416][  0]LogAudio: Display: Using built-in audio occlusion.
[2023.06.13-20.51.54:416][  0]LogAudioMixer: Display: Initializing audio mixer.
[2023.06.13-20.51.54:428][  0]LogAudioMixer: Display: 0: FrontLeft
[2023.06.13-20.51.54:428][  0]LogAudioMixer: Display: 1: FrontRight
[2023.06.13-20.51.54:600][  0]LogAudioMixer: Display: Using Audio Device Speakers (Realtek(R) Audio)
[2023.06.13-20.51.54:601][  0]LogAudioMixer: Display: Initializing Sound Submixes...
[2023.06.13-20.51.54:603][  0]LogAudioMixer: Display: Creating Master Submix 'MasterSubmixDefault'
[2023.06.13-20.51.54:603][  0]LogAudioMixer: Display: Creating Master Submix 'MasterReverbSubmixDefault'
[2023.06.13-20.51.54:604][  0]LogAudioMixer: Display: Creating Master Submix 'MasterEQSubmixDefault'
[2023.06.13-20.51.54:605][  0]LogInit: FAudioDevice initialized.
[2023.06.13-20.51.54:605][  0]LogNetVersion: Set ProjectVersion to 1.0.0.0. Version Checksum will be recalculated on next use.
[2023.06.13-20.51.54:646][  0]LogDerivedDataCache: Saved boot cache 0.04s 75MB C:/Users/flyox/AppData/Local/UnrealEngine/4.25/DerivedDataCache/Boot.ddc.
[2023.06.13-20.51.54:648][  0]LogInit: Texture streaming: Enabled
[2023.06.13-20.51.54:666][  0]LogEngineSessionManager: EngineSessionManager initialized
[2023.06.13-20.51.54:666][  0]LogEditorSessionSummary: Verbose: Initializing EditorSessionSummaryWriter for editor session tracking
[2023.06.13-20.51.54:668][  0]LogEditorSessionSummary: EditorSessionSummaryWriter initialized
[2023.06.13-20.51.54:716][  0]LogInit: Transaction tracking system initialized
[2023.06.13-20.51.54:743][  0]BlueprintLog: New page: Editor Load
[2023.06.13-20.51.54:828][  0]LocalizationService: Localization service is disabled
[2023.06.13-20.51.54:922][  0]LogVSAccessor: Display: Unable to create Visual Studio setup instance: 80040154
[2023.06.13-20.51.54:923][  0]LogVSAccessor: Display: Unable to create Visual Studio setup instance: 80040154
[2023.06.13-20.51.55:001][  0]LogCook: Display: Max memory allowance for cook 16384mb min free memory 0mb
[2023.06.13-20.51.55:001][  0]LogCook: Display: Mobile HDR setting 1
[2023.06.13-20.51.55:195][  0]LogFileCache: Scanning file cache for directory 'C:/Users/flyox/OneDrive/文件/GitHub/UnrealProject_SceneTest/Content/' took 0.03s
[2023.06.13-20.51.55:593][  0]SourceControl: Source control is disabled
[2023.06.13-20.51.55:593][  0]LogUnrealEdMisc: Loading editor; pre map load, took 7.249
[2023.06.13-20.51.55:594][  0]Cmd: MAP LOAD FILE="../../../../../../Users/flyox/OneDrive/文件/GitHub/UnrealProject_SceneTest/Content/EF_Sam/Maps/Game_map_room.umap" TEMPLATE=0 SHOWPROGRESS=1 FEATURELEVEL=3
[2023.06.13-20.51.55:594][  0]LightingResults: New page: Lighting Build
[2023.06.13-20.51.55:595][  0]LogWorld: UWorld::CleanupWorld for Untitled, bSessionEnded=true, bCleanupResources=true
[2023.06.13-20.51.55:595][  0]LogSlate: InvalidateAllWidgets triggered.  All widgets were invalidated
[2023.06.13-20.51.55:595][  0]MapCheck: New page: Map Check
[2023.06.13-20.51.55:595][  0]LightingResults: New page: Lighting Build
[2023.06.13-20.51.55:614][  0]LogAISub: UAISubsystem::~UAISubsystem EnvQueryManager (000001AF2A1CD200), frame # 0
[2023.06.13-20.51.55:614][  0]LogAISub: UAISubsystem::~UAISubsystem AIPerceptionSystem (000001AF2A1E5D00), frame # 0
[2023.06.13-20.51.55:616][  0]LogUObjectHash: Compacting FUObjectHashTables data took   1.81ms
[2023.06.13-20.51.56:193][  0]LogLinker: Warning: Asset '../../../../../../Users/flyox/OneDrive/文件/GitHub/UnrealProject_SceneTest/Content/OutlineMaterial/Materials/PP_Outliner_Inst.uasset' has been saved with empty engine version. The asset will be loaded but may be incompatible.
[2023.06.13-20.51.56:194][  0]LogLinker: Warning: While loading '../../../../../../Users/flyox/OneDrive/文件/GitHub/UnrealProject_SceneTest/Content/OutlineMaterial/Materials/PP_Outliner_Inst.uasset' failed to load '/Game/Materials/PP_Outliner_M': Can't find file.
[2023.06.13-20.51.56:194][  0]LogLinker: Warning: While loading '../../../../../../Users/flyox/OneDrive/文件/GitHub/UnrealProject_SceneTest/Content/OutlineMaterial/Materials/PP_Outliner_Inst.uasset' failed to load '/Game/Materials/PP_Outliner_M': Can't find file.
[2023.06.13-20.51.56:194][  0]LogLinker: Warning: While loading '../../../../../../Users/flyox/OneDrive/文件/GitHub/UnrealProject_SceneTest/Content/OutlineMaterial/Materials/PP_Outliner_Inst.uasset' failed to load '/Game/Materials/PP_Outliner_M': Can't find file.
[2023.06.13-20.51.56:194][  0]LogLinker: Warning: While loading '../../../../../../Users/flyox/OneDrive/文件/GitHub/UnrealProject_SceneTest/Content/OutlineMaterial/Materials/PP_Outliner_Inst.uasset' failed to load '/Game/Materials/PP_Outliner_M': Can't find file.
[2023.06.13-20.51.58:171][  0]LogLinker: Warning: While loading '../../../../../../Users/flyox/OneDrive/文件/GitHub/UnrealProject_SceneTest/Content/OutlineMaterial/Materials/PP_Outliner_Inst.uasset' failed to load '/Game/Materials/PP_Outliner_M': Can't find file.
[2023.06.13-20.51.58:171][  0]LoadErrors: Failed to load /Game/Materials/PP_Outliner_M.PP_Outliner_M Referenced by PP_Outliner_Inst
[2023.06.13-20.51.58:172][  0]LogLinker: Warning: While loading '../../../../../../Users/flyox/OneDrive/文件/GitHub/UnrealProject_SceneTest/Content/OutlineMaterial/Materials/PP_Outliner_Inst.uasset' failed to load '/Game/Materials/PP_Outliner_M': Can't find file.
[2023.06.13-20.51.58:172][  0]LoadErrors: Failed to load /Game/Materials/PP_Outliner_M.PP_Outliner_M Referenced by PP_Outliner_Inst
[2023.06.13-20.52.01:671][  0]LogAIModule: Creating AISystem for world Game_map_room
[2023.06.13-20.52.01:671][  0]LogAISub: UAISubsystem::UAISubsystem EnvQueryManager (000001AF3C22FE00), frame # 0
[2023.06.13-20.52.01:671][  0]LogAISub: UAISubsystem::UAISubsystem AIPerceptionSystem (000001AF3C26D300), frame # 0
[2023.06.13-20.52.01:708][  0]LogStreaming: Display: ULevelStreaming::RequestLevel(/Game/EF_Grounds/Maps/ExampleMap) is flushing async loading
[2023.06.13-20.52.01:708][  0]LogStreaming: Display: Flushing async loaders.
[2023.06.13-20.52.10:194][  0]LogEditorServer: Finished looking for orphan Actors (0.000 secs)
[2023.06.13-20.52.10:268][  0]LogUObjectHash: Compacting FUObjectHashTables data took   1.50ms
[2023.06.13-20.52.10:269][  0]Cmd: MAP CHECKDEP NOCLEARLOG
[2023.06.13-20.52.10:269][  0]MapCheck: Map check complete: 0 Error(s), 0 Warning(s), took 0.357ms to complete.
[2023.06.13-20.52.10:270][  0]LogFileHelpers: Loading map 'Game_map_room' took 14.677
[2023.06.13-20.52.10:272][  0]LogUnrealEdMisc: Total Editor Startup Time, took 21.927
[2023.06.13-20.52.10:347][  0]LogWindowsTextInputMethodSystem: Display: IME system now activated using TSF (微軟注音).
[2023.06.13-20.52.10:414][  0]LogSlate: Updating window title bar state: overlay mode, drag disabled, window buttons hidden, title bar hidden
[2023.06.13-20.52.10:422][  0]LogSlate: Updating window title bar state: overlay mode, drag disabled, window buttons hidden, title bar hidden
[2023.06.13-20.52.10:431][  0]LogSlate: Updating window title bar state: overlay mode, drag disabled, window buttons hidden, title bar hidden
[2023.06.13-20.52.10:439][  0]LogSlate: Updating window title bar state: overlay mode, drag disabled, window buttons hidden, title bar hidden
[2023.06.13-20.52.10:447][  0]LogCollectionManager: Loaded 0 collections in 0.002065 seconds
[2023.06.13-20.52.10:461][  0]LogFileCache: Scanning file cache for directory 'C:/Users/flyox/OneDrive/文件/GitHub/UnrealProject_SceneTest/Saved/Collections/' took 0.00s
[2023.06.13-20.52.10:462][  0]LogFileCache: Scanning file cache for directory 'C:/Users/flyox/OneDrive/文件/GitHub/UnrealProject_SceneTest/Content/Developers/flyox/Collections/' took 0.00s
[2023.06.13-20.52.10:462][  0]LogFileCache: Scanning file cache for directory 'C:/Users/flyox/OneDrive/文件/GitHub/UnrealProject_SceneTest/Content/Collections/' took 0.00s
[2023.06.13-20.52.10:462][  0]LogContentBrowser: Native class hierarchy populated in 0.0105 seconds. Added 3427 classes and 821 folders.
[2023.06.13-20.52.10:464][  0]LogContentBrowser: Native class hierarchy updated for 'WidgetCarousel' in 0.0003 seconds. Added 0 classes and 0 folders.
[2023.06.13-20.52.10:777][  0]LogContentBrowser: Native class hierarchy updated for 'AddContentDialog' in 0.0003 seconds. Added 0 classes and 0 folders.
[2023.06.13-20.52.10:778][  0]LogContentBrowser: Native class hierarchy updated for 'SceneOutliner' in 0.0003 seconds. Added 2 classes and 0 folders.
[2023.06.13-20.52.10:842][  0]LogSlate: Took 0.000265 seconds to synchronously load lazily loaded font '../../../Engine/Content/Slate/Fonts/Roboto-Regular.ttf' (155K)
[2023.06.13-20.52.10:846][  0]LogSlate: Took 0.000291 seconds to synchronously load lazily loaded font '../../../Engine/Content/Slate/Fonts/Roboto-Bold.ttf' (160K)
[2023.06.13-20.52.10:860][  0]LogSlate: Took 0.008074 seconds to synchronously load lazily loaded font '../../../Engine/Content/Editor/Slate/Fonts/FontAwesome.ttf' (139K)
[2023.06.13-20.52.11:024][  0]LogRenderer: Reallocating scene render targets to support 652x332 Format 10 NumSamples 1 (Frame:1).
[2023.06.13-20.52.11:114][  0]LogSlate: Took 0.008303 seconds to synchronously load lazily loaded font '../../../Engine/Content/Slate/Fonts/Roboto-Light.ttf' (167K)
[2023.06.13-20.52.11:232][  0]LogContentBrowser: Native class hierarchy updated for 'HierarchicalLODOutliner' in 0.0005 seconds. Added 0 classes and 0 folders.
[2023.06.13-20.52.11:232][  0]LogLoad: (Engine Initialization) Total time: 22.89 seconds
[2023.06.13-20.52.11:232][  0]LogLoad: (Engine Initialization) Total Blueprint compile time: 0.00 seconds
[2023.06.13-20.52.11:433][  0]LogContentStreaming: Texture pool size now 1000 MB
[2023.06.13-20.52.11:547][  0]LogSlate: Took 0.005961 seconds to synchronously load lazily loaded font '../../../Engine/Content/Slate/Fonts/DroidSansMono.ttf' (77K)
[2023.06.13-20.52.11:552][  1]LogFileCache: Retrieving MD5 hashes for directory 'C:/Users/flyox/OneDrive/文件/GitHub/UnrealProject_SceneTest/Content/' took 0.30s
[2023.06.13-20.52.11:727][  1]LogAssetRegistry: Asset discovery search completed in 19.9164 seconds
[2023.06.13-20.52.11:732][  1]LogCollectionManager: Fixed up redirectors for 0 collections in 0.000003 seconds (updated 0 objects)
[2023.06.13-20.52.37:559][531]LogSlate: Window 'Message Log' being destroyed
[2023.06.13-20.52.37:563][531]LogSlate: Window 'Message Log' being destroyed
[2023.06.13-20.52.39:650][648]LogTemp: Repeating last play command: New Editor Window (PIE)
[2023.06.13-20.52.39:670][648]LogPlayLevel: PlayLevel: No blueprints needed recompiling
[2023.06.13-20.52.39:682][648]PIE: New page: PIE session: Game_map_room (2023年6月14日 下午12:52:39)
[2023.06.13-20.52.39:683][648]LogOnline: OSS: Creating online subsystem instance for: NULL
[2023.06.13-20.52.39:685][648]LogOnline: OSS: TryLoadSubsystemAndSetDefault: Loaded subsystem for module [NULL]
[2023.06.13-20.52.39:685][648]LogPlayLevel: Creating play world package: /Game/EF_Sam/Maps/UEDPIE_0_Game_map_room
[2023.06.13-20.52.39:711][648]LogPlayLevel: PIE: StaticDuplicateObject took: (0.027498s)
[2023.06.13-20.52.39:712][648]LogAIModule: Creating AISystem for world Game_map_room
[2023.06.13-20.52.39:712][648]LogAISub: UAISubsystem::UAISubsystem EnvQueryManager (000001AF9E4CBE00), frame # 1648
[2023.06.13-20.52.39:713][648]LogAISub: UAISubsystem::UAISubsystem AIPerceptionSystem (000001AF143C8900), frame # 1648
[2023.06.13-20.52.39:713][648]LogPlayLevel: PIE: World Init took: (0.001463s)
[2023.06.13-20.52.39:713][648]LogPlayLevel: PIE: Created PIE world by copying editor world from /Game/EF_Sam/Maps/Game_map_room.Game_map_room to /Game/EF_Sam/Maps/UEDPIE_0_Game_map_room.Game_map_room (0.029184s)
[2023.06.13-20.52.39:729][648]LogUObjectHash: Compacting FUObjectHashTables data took   0.89ms
[2023.06.13-20.52.39:731][648]LogAudioMixer: Display: Audio Mixer Platform Settings:
[2023.06.13-20.52.39:732][648]LogAudioMixer: Display: 	Sample Rate:						  48000
[2023.06.13-20.52.39:732][648]LogAudioMixer: Display: 	Callback Buffer Frame Size Requested: 1024
[2023.06.13-20.52.39:732][648]LogAudioMixer: Display: 	Callback Buffer Frame Size To Use:	  1024
[2023.06.13-20.52.39:732][648]LogAudioMixer: Display: 	Number of buffers to queue:			  2
[2023.06.13-20.52.39:732][648]LogAudioMixer: Display: 	Max Channels (voices):				  32
[2023.06.13-20.52.39:732][648]LogAudioMixer: Display: 	Number of Async Source Workers:		  0
[2023.06.13-20.52.39:732][648]LogAudio: Display: AudioDevice MaxSources: 32
[2023.06.13-20.52.39:732][648]LogAudio: Display: Using built-in audio occlusion.
[2023.06.13-20.52.39:732][648]LogAudioMixer: Display: Initializing audio mixer.
[2023.06.13-20.52.39:734][648]LogAudioMixer: Display: 0: FrontLeft
[2023.06.13-20.52.39:734][648]LogAudioMixer: Display: 1: FrontRight
[2023.06.13-20.52.39:747][648]LogAudioMixer: Display: Using Audio Device Speakers (Realtek(R) Audio)
[2023.06.13-20.52.39:748][648]LogAudioMixer: Display: Initializing Sound Submixes...
[2023.06.13-20.52.39:748][648]LogAudioMixer: Display: Creating Master Submix 'MasterSubmixDefault'
[2023.06.13-20.52.39:748][648]LogAudioMixer: Display: Creating Master Submix 'MasterReverbSubmixDefault'
[2023.06.13-20.52.39:748][648]LogAudioMixer: Display: Creating Master Submix 'MasterEQSubmixDefault'
[2023.06.13-20.52.39:764][648]LogInit: FAudioDevice initialized.
[2023.06.13-20.52.39:812][648]LogSlate: Updating window title bar state: overlay mode, drag disabled, window buttons hidden, title bar hidden
[2023.06.13-20.52.39:812][648]LogLoad: Game class is 'MyGame_C'
[2023.06.13-20.52.39:820][648]LogWorld: Bringing World /Game/EF_Sam/Maps/UEDPIE_0_Game_map_room.Game_map_room up for play (max tick rate 60) at 2023.06.14-04.52.39
[2023.06.13-20.52.39:820][648]LogWorld: Bringing up level for play took: 0.007219
[2023.06.13-20.52.39:820][648]LogOnline: OSS: Creating online subsystem instance for: :Context_4
[2023.06.13-20.52.39:825][648]LogContentBrowser: Native class hierarchy updated for 'MovieSceneCapture' in 0.0005 seconds. Added 20 classes and 0 folders.
[2023.06.13-20.52.39:837][648]PIE: Server logged in
[2023.06.13-20.52.39:838][648]PIE: Play in editor total start time 0.169 seconds.
[2023.06.13-20.52.39:902][650]LogRenderer: Reallocating scene render targets to support 1272x688 Format 10 NumSamples 1 (Frame:1).
[2023.06.13-20.52.51:709][298]LogSlate: Updating window title bar state: overlay mode, drag disabled, window buttons hidden, title bar hidden
[2023.06.13-20.52.51:709][298]LogWorld: BeginTearingDown for /Game/EF_Sam/Maps/UEDPIE_0_Game_map_room
[2023.06.13-20.52.51:709][298]LogSlate: Window 'InventoryUIwithUMG Preview [NetMode: Standalone] (64-bit/Windows) ' being destroyed
[2023.06.13-20.52.51:714][298]LogWorld: UWorld::CleanupWorld for Game_map_room, bSessionEnded=true, bCleanupResources=true
[2023.06.13-20.52.51:715][298]LogSlate: InvalidateAllWidgets triggered.  All widgets were invalidated
[2023.06.13-20.52.51:727][298]LogPlayLevel: Display: Shutting down PIE online subsystems
[2023.06.13-20.52.51:730][298]LogSlate: InvalidateAllWidgets triggered.  All widgets were invalidated
[2023.06.13-20.52.51:776][298]LogAISub: UAISubsystem::~UAISubsystem AIPerceptionSystem (000001AF143C8900), frame # 2298
[2023.06.13-20.52.51:776][298]LogAISub: UAISubsystem::~UAISubsystem EnvQueryManager (000001AF9E4CBE00), frame # 2298
[2023.06.13-20.52.51:778][298]LogUObjectHash: Compacting FUObjectHashTables data took   1.35ms
[2023.06.13-20.52.51:818][299]LogPlayLevel: Display: Destroying online subsystem :Context_4
